<?xml version="1.0" encoding="UTF-8"?>
<testsuites name="WebApp" time="287" tests="5" failures="0" errors="0">
   <testsuite name="WebApp" tests="5" failures="0" errors="0" time="287" timestamp="2019-03-12 21:45:40" hostname="trongbui - fvfwf0d6hv2h.net.fpt" id="Test Suites/WebApp">
      <properties>
         <property name="deviceName" value=""/>
         <property name="devicePlatform" value=""/>
         <property name="logFolder" value="/Users/trongbui/katalon/sources/katalon-studio-samples/demo-project/Reports/WebApp/20190312_214200"/>
         <property name="logFiles" value="/Users/trongbui/katalon/sources/katalon-studio-samples/demo-project/Reports/WebApp/20190312_214200/execution0.log"/>
         <property name="attachments" value=""/>
         <property name="hostName" value="trongbui - fvfwf0d6hv2h.net.fpt"/>
         <property name="os" value="Mac OS X 64bit"/>
         <property name="katalonVersion" value="6.0.6.4"/>
         <property name="browser" value="Firefox 65.0"/>
         <property name="hostAddress" value="192.168.1.158"/>
         <property name="sessionId" value="32ffc044-6efc-d948-b2c9-ec84e46b5b23"/>
         <property name="seleniumVersion" value="3.7.1"/>
         <property name="proxyInformation" value="ProxyInformation{proxyOption=NO_PROXY, proxyServerType=HTTP, password=, proxyServerAddress=, proxyServerPort=0}"/>
         <property name="platform" value="Mac OS X"/>
      </properties>
      <testcase name="Test Cases/WebApp/Create a new issue - call test cases" classname="Test Cases/WebApp/Create a new issue - call test cases" status="PASSED">
         <system-out><![CDATA[2019-03-12 21:45:41 - [TEST_CASE][PASSED] - Test Cases/WebApp/Create a new issue - call test cases: Test Cases/WebApp/Create a new issue - call test cases

2019-03-12 21:45:41 - [TEST_STEP][PASSED] - callTestCase(findTestCase("WebApp/Login"), [:], STOP_ON_FAILURE): Call Test Case 'Test Cases/WebApp/Login' successfully

2019-03-12 21:45:41 - [TEST_CASE][PASSED] - Test Cases/WebApp/Login: Test Cases/WebApp/Login

2019-03-12 21:45:41 - [TEST_STEP][PASSED] - openBrowser(""): Browser is opened with url: ''

2019-03-12 21:45:41 - [MESSAGE][INFO] - Starting 'Firefox' driver

2019-03-12 21:45:41 - [MESSAGE][INFO] - Action delay is set to 0 seconds

2019-03-12 21:45:45 - [MESSAGE][PASSED] - Browser is opened with url: ''

2019-03-12 21:45:45 - [TEST_STEP][PASSED] - navigateToUrl("https://id.atlassian.com/login?continue=https%3A%2F%2Fkatalon.atlassian.net%2Flogin%3FredirectCount%3D1"): Navigate to 'https://id.atlassian.com/login?continue=https%3A%2F%2Fkatalon.atlassian.net%2Flogin%3FredirectCount%3D1' successfully

2019-03-12 21:45:48 - [MESSAGE][PASSED] - Navigate to 'https://id.atlassian.com/login?continue=https%3A%2F%2Fkatalon.atlassian.net%2Flogin%3FredirectCount%3D1' successfully

2019-03-12 21:45:48 - [TEST_STEP][PASSED] - setText(findTestObject("Object Repository/WebApp/Page_Log in to continue - Log in with Atlassian account/input_Email_username"), username): Text 'demo@katalon.com' is set on object 'Object Repository/WebApp/Page_Log in to continue - Log in with Atlassian account/input_Email_username'

2019-03-12 21:45:48 - [MESSAGE][PASSED] - Text 'demo@katalon.com' is set on object 'Object Repository/WebApp/Page_Log in to continue - Log in with Atlassian account/input_Email_username'

2019-03-12 21:45:48 - [TEST_STEP][PASSED] - click(findTestObject("Object Repository/WebApp/Page_Log in to continue - Log in with Atlassian account/span_Continue")): Object: 'Object Repository/WebApp/Page_Log in to continue - Log in with Atlassian account/span_Continue' is clicked on

2019-03-12 21:45:50 - [MESSAGE][PASSED] - Object: 'Object Repository/WebApp/Page_Log in to continue - Log in with Atlassian account/span_Continue' is clicked on

2019-03-12 21:45:50 - [TEST_STEP][PASSED] - setText(findTestObject("Object Repository/WebApp/Page_Log in to continue - Log in with Atlassian account/input_Email_username"), username): Text 'demo@katalon.com' is set on object 'Object Repository/WebApp/Page_Log in to continue - Log in with Atlassian account/input_Email_username'

2019-03-12 21:45:50 - [MESSAGE][PASSED] - Text 'demo@katalon.com' is set on object 'Object Repository/WebApp/Page_Log in to continue - Log in with Atlassian account/input_Email_username'

2019-03-12 21:45:50 - [TEST_STEP][PASSED] - click(findTestObject("Object Repository/WebApp/Page_Sign in to your account/input_Sign in_idSIButton9")): Object: 'Object Repository/WebApp/Page_Sign in to your account/input_Sign in_idSIButton9' is clicked on

2019-03-12 21:45:51 - [MESSAGE][PASSED] - Object: 'Object Repository/WebApp/Page_Sign in to your account/input_Sign in_idSIButton9' is clicked on

2019-03-12 21:45:51 - [TEST_STEP][PASSED] - setEncryptedText(findTestObject("Object Repository/WebApp/Page_Sign in to your account/input_Enter password_passwd"), encrypted_password): Text ****** has been set on object 'Object Repository/WebApp/Page_Sign in to your account/input_Enter password_passwd'

2019-03-12 21:45:51 - [MESSAGE][PASSED] - Text ****** has been set on object 'Object Repository/WebApp/Page_Sign in to your account/input_Enter password_passwd'

2019-03-12 21:45:51 - [TEST_STEP][PASSED] - click(findTestObject("Object Repository/WebApp/Page_Sign in to your account/input_Forgot my password_idSIButton9")): Object: 'Object Repository/WebApp/Page_Sign in to your account/input_Forgot my password_idSIButton9' is clicked on

2019-03-12 21:45:52 - [MESSAGE][PASSED] - Object: 'Object Repository/WebApp/Page_Sign in to your account/input_Forgot my password_idSIButton9' is clicked on

2019-03-12 21:45:52 - [TEST_STEP][PASSED] - click(findTestObject("Object Repository/WebApp/Page_Sign in to your account/input_concat(Don  t show this again)_idSIButton9")): Object: 'Object Repository/WebApp/Page_Sign in to your account/input_concat(Don  t show this again)_idSIButton9' is clicked on

2019-03-12 21:45:56 - [MESSAGE][PASSED] - Object: 'Object Repository/WebApp/Page_Sign in to your account/input_concat(Don  t show this again)_idSIButton9' is clicked on

2019-03-12 21:45:56 - [TEST_STEP][PASSED] - scrollToElement(findTestObject("Object Repository/WebApp/Page_System dashboard - Jira/h1_System dashboard"), 0): Scroll to object 'Object Repository/WebApp/Page_System dashboard - Jira/h1_System dashboard' successfully

2019-03-12 21:45:56 - [MESSAGE][WARNING] - Timeout '0' is invalid. Using default page load timeout: '30'

2019-03-12 21:46:01 - [MESSAGE][PASSED] - Scroll to object 'Object Repository/WebApp/Page_System dashboard - Jira/h1_System dashboard' successfully

2019-03-12 21:46:01 - [TEST_STEP][PASSED] - verifyElementText(findTestObject("Object Repository/WebApp/Page_System dashboard - Jira/h1_System dashboard"), "System dashboard"): Actual text and expected text of test object 'Object Repository/WebApp/Page_System dashboard - Jira/h1_System dashboard' are matched.

2019-03-12 21:46:01 - [MESSAGE][PASSED] - Actual text and expected text of test object 'Object Repository/WebApp/Page_System dashboard - Jira/h1_System dashboard' are matched.

2019-03-12 21:46:01 - [MESSAGE][PASSED] - Call Test Case 'Test Cases/WebApp/Login' successfully

2019-03-12 21:46:01 - [TEST_STEP][PASSED] - callTestCase(findTestCase("WebApp/Create a new issue after login"), ["issue_sum":"This is my issue", "issue_desc":"It needs to be fixed asap"], STOP_ON_FAILURE): Call Test Case 'Test Cases/WebApp/Create a new issue after login' successfully

2019-03-12 21:46:01 - [TEST_CASE][PASSED] - Test Cases/WebApp/Create a new issue after login: Test Cases/WebApp/Create a new issue after login

2019-03-12 21:46:01 - [TEST_STEP][PASSED] - click(findTestObject("Object Repository/WebApp/Page_System dashboard - Jira/button_Dashboards_createGlobalItem")): Object: 'Object Repository/WebApp/Page_System dashboard - Jira/button_Dashboards_createGlobalItem' is clicked on

2019-03-12 21:46:05 - [MESSAGE][PASSED] - Object: 'Object Repository/WebApp/Page_System dashboard - Jira/button_Dashboards_createGlobalItem' is clicked on

2019-03-12 21:46:05 - [TEST_STEP][PASSED] - setText(findTestObject("Object Repository/WebApp/Page_Create issue - Jira/input_Required_summary"), issue_sum): Text 'This is my issue' is set on object 'Object Repository/WebApp/Page_Create issue - Jira/input_Required_summary'

2019-03-12 21:46:07 - [MESSAGE][PASSED] - Text 'This is my issue' is set on object 'Object Repository/WebApp/Page_Create issue - Jira/input_Required_summary'

2019-03-12 21:46:07 - [TEST_STEP][PASSED] - setText(findTestObject("Object Repository/WebApp/Page_Create issue - Jira/textarea_Lock  Unlock_description"), issue_desc): Text 'It needs to be fixed asap' is set on object 'Object Repository/WebApp/Page_Create issue - Jira/textarea_Lock  Unlock_description'

2019-03-12 21:46:07 - [MESSAGE][PASSED] - Text 'It needs to be fixed asap' is set on object 'Object Repository/WebApp/Page_Create issue - Jira/textarea_Lock  Unlock_description'

2019-03-12 21:46:07 - [TEST_STEP][PASSED] - click(findTestObject("Object Repository/WebApp/Page_Create issue - Jira/input_Create another_Edit")): Object: 'Object Repository/WebApp/Page_Create issue - Jira/input_Create another_Edit' is clicked on

2019-03-12 21:46:07 - [MESSAGE][PASSED] - Object: 'Object Repository/WebApp/Page_Create issue - Jira/input_Create another_Edit' is clicked on

2019-03-12 21:46:07 - [TEST_STEP][PASSED] - click(findTestObject("Object Repository/WebApp/Page_System dashboard - Jira/a_PAR-5 - This is my issue")): Object: 'Object Repository/WebApp/Page_System dashboard - Jira/a_PAR-5 - This is my issue' is clicked on

2019-03-12 21:46:16 - [MESSAGE][PASSED] - Object: 'Object Repository/WebApp/Page_System dashboard - Jira/a_PAR-5 - This is my issue' is clicked on

2019-03-12 21:46:16 - [TEST_STEP][PASSED] - verifyElementText(findTestObject("Object Repository/WebApp/Page_PAR-5 This is my issue - Jira/h1_This is my issue"), issue_sum): Actual text and expected text of test object 'Object Repository/WebApp/Page_PAR-5 This is my issue - Jira/h1_This is my issue' are matched.

2019-03-12 21:46:16 - [MESSAGE][PASSED] - Actual text and expected text of test object 'Object Repository/WebApp/Page_PAR-5 This is my issue - Jira/h1_This is my issue' are matched.

2019-03-12 21:46:16 - [TEST_STEP][PASSED] - verifyElementText(findTestObject("Object Repository/WebApp/Page_PAR-5 This is my issue - Jira/p_It needs to be fixed asap"), issue_desc): Actual text and expected text of test object 'Object Repository/WebApp/Page_PAR-5 This is my issue - Jira/p_It needs to be fixed asap' are matched.

2019-03-12 21:46:16 - [MESSAGE][PASSED] - Actual text and expected text of test object 'Object Repository/WebApp/Page_PAR-5 This is my issue - Jira/p_It needs to be fixed asap' are matched.

2019-03-12 21:46:16 - [TEST_STEP][PASSED] - closeBrowser(): Browser is closed

2019-03-12 21:46:37 - [MESSAGE][PASSED] - Browser is closed

2019-03-12 21:46:37 - [MESSAGE][PASSED] - Call Test Case 'Test Cases/WebApp/Create a new issue after login' successfully]]></system-out>
         <system-err><![CDATA[]]></system-err>
      </testcase>
      <testcase name="Test Cases/WebApp/Create a new issue - parameterize" classname="Test Cases/WebApp/Create a new issue - parameterize" status="PASSED">
         <system-out><![CDATA[2019-03-12 21:46:37 - [TEST_CASE][PASSED] - Test Cases/WebApp/Create a new issue - parameterize: Test Cases/WebApp/Create a new issue - parameterize

2019-03-12 21:46:37 - [TEST_STEP][PASSED] - openBrowser(""): Browser is opened with url: ''

2019-03-12 21:46:37 - [MESSAGE][INFO] - Starting 'Firefox' driver

2019-03-12 21:46:40 - [MESSAGE][PASSED] - Browser is opened with url: ''

2019-03-12 21:46:40 - [TEST_STEP][PASSED] - navigateToUrl("https://id.atlassian.com/login?continue=https%3A%2F%2Fkatalon.atlassian.net%2Flogin%3FredirectCount%3D1"): Navigate to 'https://id.atlassian.com/login?continue=https%3A%2F%2Fkatalon.atlassian.net%2Flogin%3FredirectCount%3D1' successfully

2019-03-12 21:46:42 - [MESSAGE][PASSED] - Navigate to 'https://id.atlassian.com/login?continue=https%3A%2F%2Fkatalon.atlassian.net%2Flogin%3FredirectCount%3D1' successfully

2019-03-12 21:46:42 - [TEST_STEP][PASSED] - setText(findTestObject("Object Repository/WebApp/Page_Log in to continue - Log in with Atlassian account/input_Email_username"), username): Text 'demo@katalon.com' is set on object 'Object Repository/WebApp/Page_Log in to continue - Log in with Atlassian account/input_Email_username'

2019-03-12 21:46:42 - [MESSAGE][PASSED] - Text 'demo@katalon.com' is set on object 'Object Repository/WebApp/Page_Log in to continue - Log in with Atlassian account/input_Email_username'

2019-03-12 21:46:42 - [TEST_STEP][PASSED] - click(findTestObject("Object Repository/WebApp/Page_Log in to continue - Log in with Atlassian account/span_Continue")): Object: 'Object Repository/WebApp/Page_Log in to continue - Log in with Atlassian account/span_Continue' is clicked on

2019-03-12 21:46:42 - [MESSAGE][PASSED] - Object: 'Object Repository/WebApp/Page_Log in to continue - Log in with Atlassian account/span_Continue' is clicked on

2019-03-12 21:46:42 - [TEST_STEP][PASSED] - setText(findTestObject("Object Repository/WebApp/Page_Log in to continue - Log in with Atlassian account/input_Email_username"), username): Text 'demo@katalon.com' is set on object 'Object Repository/WebApp/Page_Log in to continue - Log in with Atlassian account/input_Email_username'

2019-03-12 21:46:45 - [MESSAGE][PASSED] - Text 'demo@katalon.com' is set on object 'Object Repository/WebApp/Page_Log in to continue - Log in with Atlassian account/input_Email_username'

2019-03-12 21:46:45 - [TEST_STEP][PASSED] - click(findTestObject("Object Repository/WebApp/Page_Sign in to your account/input_Sign in_idSIButton9")): Object: 'Object Repository/WebApp/Page_Sign in to your account/input_Sign in_idSIButton9' is clicked on

2019-03-12 21:46:45 - [MESSAGE][PASSED] - Object: 'Object Repository/WebApp/Page_Sign in to your account/input_Sign in_idSIButton9' is clicked on

2019-03-12 21:46:45 - [TEST_STEP][PASSED] - setEncryptedText(findTestObject("Object Repository/WebApp/Page_Sign in to your account/input_Enter password_passwd"), encrypted_password): Text ****** has been set on object 'Object Repository/WebApp/Page_Sign in to your account/input_Enter password_passwd'

2019-03-12 21:46:45 - [MESSAGE][PASSED] - Text ****** has been set on object 'Object Repository/WebApp/Page_Sign in to your account/input_Enter password_passwd'

2019-03-12 21:46:45 - [TEST_STEP][PASSED] - click(findTestObject("Object Repository/WebApp/Page_Sign in to your account/input_Forgot my password_idSIButton9")): Object: 'Object Repository/WebApp/Page_Sign in to your account/input_Forgot my password_idSIButton9' is clicked on

2019-03-12 21:46:47 - [MESSAGE][PASSED] - Object: 'Object Repository/WebApp/Page_Sign in to your account/input_Forgot my password_idSIButton9' is clicked on

2019-03-12 21:46:47 - [TEST_STEP][PASSED] - click(findTestObject("Object Repository/WebApp/Page_Sign in to your account/input_concat(Don  t show this again)_idSIButton9")): Object: 'Object Repository/WebApp/Page_Sign in to your account/input_concat(Don  t show this again)_idSIButton9' is clicked on

2019-03-12 21:46:50 - [MESSAGE][PASSED] - Object: 'Object Repository/WebApp/Page_Sign in to your account/input_concat(Don  t show this again)_idSIButton9' is clicked on

2019-03-12 21:46:50 - [TEST_STEP][PASSED] - scrollToElement(findTestObject("Object Repository/WebApp/Page_System dashboard - Jira/h1_System dashboard"), 0): Scroll to object 'Object Repository/WebApp/Page_System dashboard - Jira/h1_System dashboard' successfully

2019-03-12 21:46:50 - [MESSAGE][WARNING] - Timeout '0' is invalid. Using default page load timeout: '30'

2019-03-12 21:46:56 - [MESSAGE][PASSED] - Scroll to object 'Object Repository/WebApp/Page_System dashboard - Jira/h1_System dashboard' successfully

2019-03-12 21:46:56 - [TEST_STEP][PASSED] - verifyElementText(findTestObject("Object Repository/WebApp/Page_System dashboard - Jira/h1_System dashboard"), homepage_title): Actual text and expected text of test object 'Object Repository/WebApp/Page_System dashboard - Jira/h1_System dashboard' are matched.

2019-03-12 21:46:57 - [MESSAGE][PASSED] - Actual text and expected text of test object 'Object Repository/WebApp/Page_System dashboard - Jira/h1_System dashboard' are matched.

2019-03-12 21:46:57 - [TEST_STEP][PASSED] - click(findTestObject("Object Repository/WebApp/Page_System dashboard - Jira/button_Dashboards_createGlobalItem")): Object: 'Object Repository/WebApp/Page_System dashboard - Jira/button_Dashboards_createGlobalItem' is clicked on

2019-03-12 21:46:58 - [MESSAGE][PASSED] - Object: 'Object Repository/WebApp/Page_System dashboard - Jira/button_Dashboards_createGlobalItem' is clicked on

2019-03-12 21:46:58 - [TEST_STEP][PASSED] - setText(findTestObject("Object Repository/WebApp/Page_Create issue - Jira/input_Required_summary"), issue_sum): Text 'This is my issue' is set on object 'Object Repository/WebApp/Page_Create issue - Jira/input_Required_summary'

2019-03-12 21:47:00 - [MESSAGE][PASSED] - Text 'This is my issue' is set on object 'Object Repository/WebApp/Page_Create issue - Jira/input_Required_summary'

2019-03-12 21:47:00 - [TEST_STEP][PASSED] - setText(findTestObject("Object Repository/WebApp/Page_Create issue - Jira/textarea_Lock  Unlock_description"), issue_desc): Text 'It needs to be fixed asap' is set on object 'Object Repository/WebApp/Page_Create issue - Jira/textarea_Lock  Unlock_description'

2019-03-12 21:47:00 - [MESSAGE][PASSED] - Text 'It needs to be fixed asap' is set on object 'Object Repository/WebApp/Page_Create issue - Jira/textarea_Lock  Unlock_description'

2019-03-12 21:47:00 - [TEST_STEP][PASSED] - click(findTestObject("Object Repository/WebApp/Page_Create issue - Jira/input_Create another_Edit")): Object: 'Object Repository/WebApp/Page_Create issue - Jira/input_Create another_Edit' is clicked on

2019-03-12 21:47:01 - [MESSAGE][PASSED] - Object: 'Object Repository/WebApp/Page_Create issue - Jira/input_Create another_Edit' is clicked on

2019-03-12 21:47:01 - [TEST_STEP][PASSED] - click(findTestObject("Object Repository/WebApp/Page_System dashboard - Jira/a_PAR-5 - This is my issue")): Object: 'Object Repository/WebApp/Page_System dashboard - Jira/a_PAR-5 - This is my issue' is clicked on

2019-03-12 21:47:10 - [MESSAGE][PASSED] - Object: 'Object Repository/WebApp/Page_System dashboard - Jira/a_PAR-5 - This is my issue' is clicked on

2019-03-12 21:47:10 - [TEST_STEP][PASSED] - verifyElementText(findTestObject("Object Repository/WebApp/Page_PAR-5 This is my issue - Jira/h1_This is my issue"), issue_sum): Actual text and expected text of test object 'Object Repository/WebApp/Page_PAR-5 This is my issue - Jira/h1_This is my issue' are matched.

2019-03-12 21:47:10 - [MESSAGE][PASSED] - Actual text and expected text of test object 'Object Repository/WebApp/Page_PAR-5 This is my issue - Jira/h1_This is my issue' are matched.

2019-03-12 21:47:10 - [TEST_STEP][PASSED] - verifyElementText(findTestObject("Object Repository/WebApp/Page_PAR-5 This is my issue - Jira/p_It needs to be fixed asap"), issue_desc): Actual text and expected text of test object 'Object Repository/WebApp/Page_PAR-5 This is my issue - Jira/p_It needs to be fixed asap' are matched.

2019-03-12 21:47:10 - [MESSAGE][PASSED] - Actual text and expected text of test object 'Object Repository/WebApp/Page_PAR-5 This is my issue - Jira/p_It needs to be fixed asap' are matched.

2019-03-12 21:47:10 - [TEST_STEP][PASSED] - closeBrowser(): Browser is closed

2019-03-12 21:48:36 - [MESSAGE][PASSED] - Browser is closed]]></system-out>
         <system-err><![CDATA[]]></system-err>
      </testcase>
      <testcase name="Test Cases/WebApp/Create a new issue - recording" classname="Test Cases/WebApp/Create a new issue - recording" status="PASSED">
         <system-out><![CDATA[2019-03-12 21:48:36 - [TEST_CASE][PASSED] - Test Cases/WebApp/Create a new issue - recording: Test Cases/WebApp/Create a new issue - recording

2019-03-12 21:48:36 - [TEST_STEP][PASSED] - openBrowser(""): Browser is opened with url: ''

2019-03-12 21:48:36 - [MESSAGE][INFO] - Starting 'Firefox' driver

2019-03-12 21:48:38 - [MESSAGE][PASSED] - Browser is opened with url: ''

2019-03-12 21:48:38 - [TEST_STEP][PASSED] - navigateToUrl("https://id.atlassian.com/login?continue=https%3A%2F%2Fkatalon.atlassian.net%2Flogin%3FredirectCount%3D1"): Navigate to 'https://id.atlassian.com/login?continue=https%3A%2F%2Fkatalon.atlassian.net%2Flogin%3FredirectCount%3D1' successfully

2019-03-12 21:48:41 - [MESSAGE][PASSED] - Navigate to 'https://id.atlassian.com/login?continue=https%3A%2F%2Fkatalon.atlassian.net%2Flogin%3FredirectCount%3D1' successfully

2019-03-12 21:48:41 - [TEST_STEP][PASSED] - setText(findTestObject("Object Repository/WebApp/Page_Log in to continue - Log in with Atlassian account/input_Email_username"), "demo@katalon.com"): Text 'demo@katalon.com' is set on object 'Object Repository/WebApp/Page_Log in to continue - Log in with Atlassian account/input_Email_username'

2019-03-12 21:48:41 - [MESSAGE][PASSED] - Text 'demo@katalon.com' is set on object 'Object Repository/WebApp/Page_Log in to continue - Log in with Atlassian account/input_Email_username'

2019-03-12 21:48:41 - [TEST_STEP][PASSED] - click(findTestObject("Object Repository/WebApp/Page_Log in to continue - Log in with Atlassian account/span_Continue")): Object: 'Object Repository/WebApp/Page_Log in to continue - Log in with Atlassian account/span_Continue' is clicked on

2019-03-12 21:48:42 - [MESSAGE][PASSED] - Object: 'Object Repository/WebApp/Page_Log in to continue - Log in with Atlassian account/span_Continue' is clicked on

2019-03-12 21:48:42 - [TEST_STEP][PASSED] - setText(findTestObject("Object Repository/WebApp/Page_Log in to continue - Log in with Atlassian account/input_Email_username"), "demo@katalon.com"): Text 'demo@katalon.com' is set on object 'Object Repository/WebApp/Page_Log in to continue - Log in with Atlassian account/input_Email_username'

2019-03-12 21:48:44 - [MESSAGE][PASSED] - Text 'demo@katalon.com' is set on object 'Object Repository/WebApp/Page_Log in to continue - Log in with Atlassian account/input_Email_username'

2019-03-12 21:48:44 - [TEST_STEP][PASSED] - click(findTestObject("Object Repository/WebApp/Page_Sign in to your account/input_Sign in_idSIButton9")): Object: 'Object Repository/WebApp/Page_Sign in to your account/input_Sign in_idSIButton9' is clicked on

2019-03-12 21:48:45 - [MESSAGE][PASSED] - Object: 'Object Repository/WebApp/Page_Sign in to your account/input_Sign in_idSIButton9' is clicked on

2019-03-12 21:48:45 - [TEST_STEP][PASSED] - setEncryptedText(findTestObject("Object Repository/WebApp/Page_Sign in to your account/input_Enter password_passwd"), "KLAk0b2rAgvA1EV7zgpKiS/uV+5nc48Y"): Text ****** has been set on object 'Object Repository/WebApp/Page_Sign in to your account/input_Enter password_passwd'

2019-03-12 21:48:45 - [MESSAGE][PASSED] - Text ****** has been set on object 'Object Repository/WebApp/Page_Sign in to your account/input_Enter password_passwd'

2019-03-12 21:48:45 - [TEST_STEP][PASSED] - click(findTestObject("Object Repository/WebApp/Page_Sign in to your account/input_Forgot my password_idSIButton9")): Object: 'Object Repository/WebApp/Page_Sign in to your account/input_Forgot my password_idSIButton9' is clicked on

2019-03-12 21:48:46 - [MESSAGE][PASSED] - Object: 'Object Repository/WebApp/Page_Sign in to your account/input_Forgot my password_idSIButton9' is clicked on

2019-03-12 21:48:46 - [TEST_STEP][PASSED] - click(findTestObject("Object Repository/WebApp/Page_Sign in to your account/input_concat(Don  t show this again)_idSIButton9")): Object: 'Object Repository/WebApp/Page_Sign in to your account/input_concat(Don  t show this again)_idSIButton9' is clicked on

2019-03-12 21:48:49 - [MESSAGE][PASSED] - Object: 'Object Repository/WebApp/Page_Sign in to your account/input_concat(Don  t show this again)_idSIButton9' is clicked on

2019-03-12 21:48:49 - [TEST_STEP][PASSED] - scrollToElement(findTestObject("Object Repository/WebApp/Page_System dashboard - Jira/h1_System dashboard"), 0): Scroll to object 'Object Repository/WebApp/Page_System dashboard - Jira/h1_System dashboard' successfully

2019-03-12 21:48:49 - [MESSAGE][WARNING] - Timeout '0' is invalid. Using default page load timeout: '30'

2019-03-12 21:48:54 - [MESSAGE][PASSED] - Scroll to object 'Object Repository/WebApp/Page_System dashboard - Jira/h1_System dashboard' successfully

2019-03-12 21:48:54 - [TEST_STEP][PASSED] - verifyElementText(findTestObject("Object Repository/WebApp/Page_System dashboard - Jira/h1_System dashboard"), "System dashboard"): Actual text and expected text of test object 'Object Repository/WebApp/Page_System dashboard - Jira/h1_System dashboard' are matched.

2019-03-12 21:48:55 - [MESSAGE][PASSED] - Actual text and expected text of test object 'Object Repository/WebApp/Page_System dashboard - Jira/h1_System dashboard' are matched.

2019-03-12 21:48:55 - [TEST_STEP][PASSED] - click(findTestObject("Object Repository/WebApp/Page_System dashboard - Jira/button_Dashboards_createGlobalItem")): Object: 'Object Repository/WebApp/Page_System dashboard - Jira/button_Dashboards_createGlobalItem' is clicked on

2019-03-12 21:48:58 - [MESSAGE][PASSED] - Object: 'Object Repository/WebApp/Page_System dashboard - Jira/button_Dashboards_createGlobalItem' is clicked on

2019-03-12 21:48:58 - [TEST_STEP][PASSED] - setText(findTestObject("Object Repository/WebApp/Page_Create issue - Jira/input_Required_summary"), "This is my issue"): Text 'This is my issue' is set on object 'Object Repository/WebApp/Page_Create issue - Jira/input_Required_summary'

2019-03-12 21:49:00 - [MESSAGE][PASSED] - Text 'This is my issue' is set on object 'Object Repository/WebApp/Page_Create issue - Jira/input_Required_summary'

2019-03-12 21:49:00 - [TEST_STEP][PASSED] - setText(findTestObject("Object Repository/WebApp/Page_Create issue - Jira/textarea_Lock  Unlock_description"), "It needs to be fixed asap"): Text 'It needs to be fixed asap' is set on object 'Object Repository/WebApp/Page_Create issue - Jira/textarea_Lock  Unlock_description'

2019-03-12 21:49:00 - [MESSAGE][PASSED] - Text 'It needs to be fixed asap' is set on object 'Object Repository/WebApp/Page_Create issue - Jira/textarea_Lock  Unlock_description'

2019-03-12 21:49:00 - [TEST_STEP][PASSED] - click(findTestObject("Object Repository/WebApp/Page_Create issue - Jira/input_Create another_Edit")): Object: 'Object Repository/WebApp/Page_Create issue - Jira/input_Create another_Edit' is clicked on

2019-03-12 21:49:01 - [MESSAGE][PASSED] - Object: 'Object Repository/WebApp/Page_Create issue - Jira/input_Create another_Edit' is clicked on

2019-03-12 21:49:01 - [TEST_STEP][PASSED] - click(findTestObject("Object Repository/WebApp/Page_System dashboard - Jira/a_PAR-5 - This is my issue")): Object: 'Object Repository/WebApp/Page_System dashboard - Jira/a_PAR-5 - This is my issue' is clicked on

2019-03-12 21:49:13 - [MESSAGE][PASSED] - Object: 'Object Repository/WebApp/Page_System dashboard - Jira/a_PAR-5 - This is my issue' is clicked on

2019-03-12 21:49:13 - [TEST_STEP][PASSED] - verifyElementText(findTestObject("Object Repository/WebApp/Page_PAR-5 This is my issue - Jira/h1_This is my issue"), "This is my issue"): Actual text and expected text of test object 'Object Repository/WebApp/Page_PAR-5 This is my issue - Jira/h1_This is my issue' are matched.

2019-03-12 21:49:13 - [MESSAGE][PASSED] - Actual text and expected text of test object 'Object Repository/WebApp/Page_PAR-5 This is my issue - Jira/h1_This is my issue' are matched.

2019-03-12 21:49:13 - [TEST_STEP][PASSED] - verifyElementText(findTestObject("Object Repository/WebApp/Page_PAR-5 This is my issue - Jira/p_It needs to be fixed asap"), "It needs to be fixed asap"): Actual text and expected text of test object 'Object Repository/WebApp/Page_PAR-5 This is my issue - Jira/p_It needs to be fixed asap' are matched.

2019-03-12 21:49:13 - [MESSAGE][PASSED] - Actual text and expected text of test object 'Object Repository/WebApp/Page_PAR-5 This is my issue - Jira/p_It needs to be fixed asap' are matched.

2019-03-12 21:49:13 - [TEST_STEP][PASSED] - closeBrowser(): Browser is closed

2019-03-12 21:49:13 - [MESSAGE][PASSED] - Browser is closed]]></system-out>
         <system-err><![CDATA[]]></system-err>
      </testcase>
      <testcase name="Test Cases/WebApp/PAR-1" classname="Test Cases/WebApp/PAR-1" status="PASSED">
         <system-out><![CDATA[2019-03-12 21:49:13 - [TEST_CASE][PASSED] - Test Cases/WebApp/PAR-1: Test Cases/WebApp/PAR-1

2019-03-12 21:49:14 - [TEST_STEP][PASSED] - openBrowser(""): Browser is opened with url: ''

2019-03-12 21:49:14 - [MESSAGE][INFO] - Starting 'Firefox' driver

2019-03-12 21:49:16 - [MESSAGE][PASSED] - Browser is opened with url: ''

2019-03-12 21:49:16 - [TEST_STEP][PASSED] - navigateToUrl("https://id.atlassian.com/login?continue=https%3A%2F%2Fkatalon.atlassian.net%2Flogin%3FredirectCount%3D1"): Navigate to 'https://id.atlassian.com/login?continue=https%3A%2F%2Fkatalon.atlassian.net%2Flogin%3FredirectCount%3D1' successfully

2019-03-12 21:49:21 - [MESSAGE][PASSED] - Navigate to 'https://id.atlassian.com/login?continue=https%3A%2F%2Fkatalon.atlassian.net%2Flogin%3FredirectCount%3D1' successfully

2019-03-12 21:49:21 - [TEST_STEP][PASSED] - setText(findTestObject("Object Repository/WebApp/Page_Log in to continue - Log in with Atlassian account/input_Email_username"), "demo@katalon.com"): Text 'demo@katalon.com' is set on object 'Object Repository/WebApp/Page_Log in to continue - Log in with Atlassian account/input_Email_username'

2019-03-12 21:49:21 - [MESSAGE][PASSED] - Text 'demo@katalon.com' is set on object 'Object Repository/WebApp/Page_Log in to continue - Log in with Atlassian account/input_Email_username'

2019-03-12 21:49:21 - [TEST_STEP][PASSED] - click(findTestObject("Object Repository/WebApp/Page_Log in to continue - Log in with Atlassian account/span_Continue")): Object: 'Object Repository/WebApp/Page_Log in to continue - Log in with Atlassian account/span_Continue' is clicked on

2019-03-12 21:49:24 - [MESSAGE][PASSED] - Object: 'Object Repository/WebApp/Page_Log in to continue - Log in with Atlassian account/span_Continue' is clicked on

2019-03-12 21:49:24 - [TEST_STEP][PASSED] - setText(findTestObject("Object Repository/WebApp/Page_Log in to continue - Log in with Atlassian account/input_Email_username"), "demo@katalon.com"): Text 'demo@katalon.com' is set on object 'Object Repository/WebApp/Page_Log in to continue - Log in with Atlassian account/input_Email_username'

2019-03-12 21:49:24 - [MESSAGE][PASSED] - Text 'demo@katalon.com' is set on object 'Object Repository/WebApp/Page_Log in to continue - Log in with Atlassian account/input_Email_username'

2019-03-12 21:49:24 - [TEST_STEP][PASSED] - click(findTestObject("Object Repository/WebApp/Page_Sign in to your account/input_Sign in_idSIButton9")): Object: 'Object Repository/WebApp/Page_Sign in to your account/input_Sign in_idSIButton9' is clicked on

2019-03-12 21:49:24 - [MESSAGE][PASSED] - Object: 'Object Repository/WebApp/Page_Sign in to your account/input_Sign in_idSIButton9' is clicked on

2019-03-12 21:49:24 - [TEST_STEP][PASSED] - setEncryptedText(findTestObject("Object Repository/WebApp/Page_Sign in to your account/input_Enter password_passwd"), "KLAk0b2rAgvA1EV7zgpKiS/uV+5nc48Y"): Text ****** has been set on object 'Object Repository/WebApp/Page_Sign in to your account/input_Enter password_passwd'

2019-03-12 21:49:24 - [MESSAGE][PASSED] - Text ****** has been set on object 'Object Repository/WebApp/Page_Sign in to your account/input_Enter password_passwd'

2019-03-12 21:49:24 - [TEST_STEP][PASSED] - click(findTestObject("Object Repository/WebApp/Page_Sign in to your account/input_Forgot my password_idSIButton9")): Object: 'Object Repository/WebApp/Page_Sign in to your account/input_Forgot my password_idSIButton9' is clicked on

2019-03-12 21:49:25 - [MESSAGE][PASSED] - Object: 'Object Repository/WebApp/Page_Sign in to your account/input_Forgot my password_idSIButton9' is clicked on

2019-03-12 21:49:25 - [TEST_STEP][PASSED] - click(findTestObject("Object Repository/WebApp/Page_Sign in to your account/input_concat(Don  t show this again)_idSIButton9")): Object: 'Object Repository/WebApp/Page_Sign in to your account/input_concat(Don  t show this again)_idSIButton9' is clicked on

2019-03-12 21:49:29 - [MESSAGE][PASSED] - Object: 'Object Repository/WebApp/Page_Sign in to your account/input_concat(Don  t show this again)_idSIButton9' is clicked on

2019-03-12 21:49:29 - [TEST_STEP][PASSED] - scrollToElement(findTestObject("Object Repository/WebApp/Page_System dashboard - Jira/h1_System dashboard"), 0): Scroll to object 'Object Repository/WebApp/Page_System dashboard - Jira/h1_System dashboard' successfully

2019-03-12 21:49:29 - [MESSAGE][WARNING] - Timeout '0' is invalid. Using default page load timeout: '30'

2019-03-12 21:49:34 - [MESSAGE][PASSED] - Scroll to object 'Object Repository/WebApp/Page_System dashboard - Jira/h1_System dashboard' successfully

2019-03-12 21:49:34 - [TEST_STEP][PASSED] - verifyElementText(findTestObject("Object Repository/WebApp/Page_System dashboard - Jira/h1_System dashboard"), "System dashboard"): Actual text and expected text of test object 'Object Repository/WebApp/Page_System dashboard - Jira/h1_System dashboard' are matched.

2019-03-12 21:49:34 - [MESSAGE][PASSED] - Actual text and expected text of test object 'Object Repository/WebApp/Page_System dashboard - Jira/h1_System dashboard' are matched.

2019-03-12 21:49:34 - [TEST_STEP][PASSED] - click(findTestObject("Object Repository/WebApp/Page_System dashboard - Jira/button_Dashboards_createGlobalItem")): Object: 'Object Repository/WebApp/Page_System dashboard - Jira/button_Dashboards_createGlobalItem' is clicked on

2019-03-12 21:49:38 - [MESSAGE][PASSED] - Object: 'Object Repository/WebApp/Page_System dashboard - Jira/button_Dashboards_createGlobalItem' is clicked on

2019-03-12 21:49:38 - [TEST_STEP][PASSED] - setText(findTestObject("Object Repository/WebApp/Page_Create issue - Jira/input_Required_summary"), "This is my issue"): Text 'This is my issue' is set on object 'Object Repository/WebApp/Page_Create issue - Jira/input_Required_summary'

2019-03-12 21:49:40 - [MESSAGE][PASSED] - Text 'This is my issue' is set on object 'Object Repository/WebApp/Page_Create issue - Jira/input_Required_summary'

2019-03-12 21:49:40 - [TEST_STEP][PASSED] - setText(findTestObject("Object Repository/WebApp/Page_Create issue - Jira/textarea_Lock  Unlock_description"), "It needs to be fixed asap"): Text 'It needs to be fixed asap' is set on object 'Object Repository/WebApp/Page_Create issue - Jira/textarea_Lock  Unlock_description'

2019-03-12 21:49:40 - [MESSAGE][PASSED] - Text 'It needs to be fixed asap' is set on object 'Object Repository/WebApp/Page_Create issue - Jira/textarea_Lock  Unlock_description'

2019-03-12 21:49:40 - [TEST_STEP][PASSED] - click(findTestObject("Object Repository/WebApp/Page_Create issue - Jira/input_Create another_Edit")): Object: 'Object Repository/WebApp/Page_Create issue - Jira/input_Create another_Edit' is clicked on

2019-03-12 21:49:40 - [MESSAGE][PASSED] - Object: 'Object Repository/WebApp/Page_Create issue - Jira/input_Create another_Edit' is clicked on

2019-03-12 21:49:40 - [TEST_STEP][PASSED] - click(findTestObject("Object Repository/WebApp/Page_System dashboard - Jira/a_PAR-5 - This is my issue")): Object: 'Object Repository/WebApp/Page_System dashboard - Jira/a_PAR-5 - This is my issue' is clicked on

2019-03-12 21:49:50 - [MESSAGE][PASSED] - Object: 'Object Repository/WebApp/Page_System dashboard - Jira/a_PAR-5 - This is my issue' is clicked on

2019-03-12 21:49:50 - [TEST_STEP][PASSED] - verifyElementText(findTestObject("Object Repository/WebApp/Page_PAR-5 This is my issue - Jira/h1_This is my issue"), "This is my issue"): Actual text and expected text of test object 'Object Repository/WebApp/Page_PAR-5 This is my issue - Jira/h1_This is my issue' are matched.

2019-03-12 21:49:50 - [MESSAGE][PASSED] - Actual text and expected text of test object 'Object Repository/WebApp/Page_PAR-5 This is my issue - Jira/h1_This is my issue' are matched.

2019-03-12 21:49:50 - [TEST_STEP][PASSED] - verifyElementText(findTestObject("Object Repository/WebApp/Page_PAR-5 This is my issue - Jira/p_It needs to be fixed asap"), "It needs to be fixed asap"): Actual text and expected text of test object 'Object Repository/WebApp/Page_PAR-5 This is my issue - Jira/p_It needs to be fixed asap' are matched.

2019-03-12 21:49:50 - [MESSAGE][PASSED] - Actual text and expected text of test object 'Object Repository/WebApp/Page_PAR-5 This is my issue - Jira/p_It needs to be fixed asap' are matched.

2019-03-12 21:49:50 - [TEST_STEP][PASSED] - closeBrowser(): Browser is closed

2019-03-12 21:49:51 - [MESSAGE][PASSED] - Browser is closed]]></system-out>
         <system-err><![CDATA[]]></system-err>
      </testcase>
      <testcase name="Test Cases/WebApp/PAR-2" classname="Test Cases/WebApp/PAR-2" status="PASSED">
         <system-out><![CDATA[2019-03-12 21:49:51 - [TEST_CASE][PASSED] - Test Cases/WebApp/PAR-2: Test Cases/WebApp/PAR-2

2019-03-12 21:49:51 - [TEST_STEP][PASSED] - callTestCase(findTestCase("WebApp/Login"), [:], STOP_ON_FAILURE): Call Test Case 'Test Cases/WebApp/Login' successfully

2019-03-12 21:49:51 - [TEST_CASE][PASSED] - Test Cases/WebApp/Login: Test Cases/WebApp/Login

2019-03-12 21:49:51 - [TEST_STEP][PASSED] - openBrowser(""): Browser is opened with url: ''

2019-03-12 21:49:51 - [MESSAGE][INFO] - Starting 'Firefox' driver

2019-03-12 21:49:53 - [MESSAGE][PASSED] - Browser is opened with url: ''

2019-03-12 21:49:53 - [TEST_STEP][PASSED] - navigateToUrl("https://id.atlassian.com/login?continue=https%3A%2F%2Fkatalon.atlassian.net%2Flogin%3FredirectCount%3D1"): Navigate to 'https://id.atlassian.com/login?continue=https%3A%2F%2Fkatalon.atlassian.net%2Flogin%3FredirectCount%3D1' successfully

2019-03-12 21:49:56 - [MESSAGE][PASSED] - Navigate to 'https://id.atlassian.com/login?continue=https%3A%2F%2Fkatalon.atlassian.net%2Flogin%3FredirectCount%3D1' successfully

2019-03-12 21:49:56 - [TEST_STEP][PASSED] - setText(findTestObject("Object Repository/WebApp/Page_Log in to continue - Log in with Atlassian account/input_Email_username"), username): Text 'demo@katalon.com' is set on object 'Object Repository/WebApp/Page_Log in to continue - Log in with Atlassian account/input_Email_username'

2019-03-12 21:49:56 - [MESSAGE][PASSED] - Text 'demo@katalon.com' is set on object 'Object Repository/WebApp/Page_Log in to continue - Log in with Atlassian account/input_Email_username'

2019-03-12 21:49:56 - [TEST_STEP][PASSED] - click(findTestObject("Object Repository/WebApp/Page_Log in to continue - Log in with Atlassian account/span_Continue")): Object: 'Object Repository/WebApp/Page_Log in to continue - Log in with Atlassian account/span_Continue' is clicked on

2019-03-12 21:49:59 - [MESSAGE][PASSED] - Object: 'Object Repository/WebApp/Page_Log in to continue - Log in with Atlassian account/span_Continue' is clicked on

2019-03-12 21:49:59 - [TEST_STEP][PASSED] - setText(findTestObject("Object Repository/WebApp/Page_Log in to continue - Log in with Atlassian account/input_Email_username"), username): Text 'demo@katalon.com' is set on object 'Object Repository/WebApp/Page_Log in to continue - Log in with Atlassian account/input_Email_username'

2019-03-12 21:49:59 - [MESSAGE][PASSED] - Text 'demo@katalon.com' is set on object 'Object Repository/WebApp/Page_Log in to continue - Log in with Atlassian account/input_Email_username'

2019-03-12 21:49:59 - [TEST_STEP][PASSED] - click(findTestObject("Object Repository/WebApp/Page_Sign in to your account/input_Sign in_idSIButton9")): Object: 'Object Repository/WebApp/Page_Sign in to your account/input_Sign in_idSIButton9' is clicked on

2019-03-12 21:49:59 - [MESSAGE][PASSED] - Object: 'Object Repository/WebApp/Page_Sign in to your account/input_Sign in_idSIButton9' is clicked on

2019-03-12 21:49:59 - [TEST_STEP][PASSED] - setEncryptedText(findTestObject("Object Repository/WebApp/Page_Sign in to your account/input_Enter password_passwd"), encrypted_password): Text ****** has been set on object 'Object Repository/WebApp/Page_Sign in to your account/input_Enter password_passwd'

2019-03-12 21:49:59 - [MESSAGE][PASSED] - Text ****** has been set on object 'Object Repository/WebApp/Page_Sign in to your account/input_Enter password_passwd'

2019-03-12 21:49:59 - [TEST_STEP][PASSED] - click(findTestObject("Object Repository/WebApp/Page_Sign in to your account/input_Forgot my password_idSIButton9")): Object: 'Object Repository/WebApp/Page_Sign in to your account/input_Forgot my password_idSIButton9' is clicked on

2019-03-12 21:50:01 - [MESSAGE][PASSED] - Object: 'Object Repository/WebApp/Page_Sign in to your account/input_Forgot my password_idSIButton9' is clicked on

2019-03-12 21:50:01 - [TEST_STEP][PASSED] - click(findTestObject("Object Repository/WebApp/Page_Sign in to your account/input_concat(Don  t show this again)_idSIButton9")): Object: 'Object Repository/WebApp/Page_Sign in to your account/input_concat(Don  t show this again)_idSIButton9' is clicked on

2019-03-12 21:50:05 - [MESSAGE][PASSED] - Object: 'Object Repository/WebApp/Page_Sign in to your account/input_concat(Don  t show this again)_idSIButton9' is clicked on

2019-03-12 21:50:05 - [TEST_STEP][PASSED] - scrollToElement(findTestObject("Object Repository/WebApp/Page_System dashboard - Jira/h1_System dashboard"), 0): Scroll to object 'Object Repository/WebApp/Page_System dashboard - Jira/h1_System dashboard' successfully

2019-03-12 21:50:05 - [MESSAGE][WARNING] - Timeout '0' is invalid. Using default page load timeout: '30'

2019-03-12 21:50:10 - [MESSAGE][PASSED] - Scroll to object 'Object Repository/WebApp/Page_System dashboard - Jira/h1_System dashboard' successfully

2019-03-12 21:50:10 - [TEST_STEP][PASSED] - verifyElementText(findTestObject("Object Repository/WebApp/Page_System dashboard - Jira/h1_System dashboard"), "System dashboard"): Actual text and expected text of test object 'Object Repository/WebApp/Page_System dashboard - Jira/h1_System dashboard' are matched.

2019-03-12 21:50:10 - [MESSAGE][PASSED] - Actual text and expected text of test object 'Object Repository/WebApp/Page_System dashboard - Jira/h1_System dashboard' are matched.

2019-03-12 21:50:10 - [MESSAGE][PASSED] - Call Test Case 'Test Cases/WebApp/Login' successfully

2019-03-12 21:50:10 - [TEST_STEP][PASSED] - callTestCase(findTestCase("WebApp/Create a new issue after login"), ["issue_sum":"This is my issue", "issue_desc":"It needs to be fixed asap"], STOP_ON_FAILURE): Call Test Case 'Test Cases/WebApp/Create a new issue after login' successfully

2019-03-12 21:50:10 - [TEST_CASE][PASSED] - Test Cases/WebApp/Create a new issue after login: Test Cases/WebApp/Create a new issue after login

2019-03-12 21:50:10 - [TEST_STEP][PASSED] - click(findTestObject("Object Repository/WebApp/Page_System dashboard - Jira/button_Dashboards_createGlobalItem")): Object: 'Object Repository/WebApp/Page_System dashboard - Jira/button_Dashboards_createGlobalItem' is clicked on

2019-03-12 21:50:14 - [MESSAGE][PASSED] - Object: 'Object Repository/WebApp/Page_System dashboard - Jira/button_Dashboards_createGlobalItem' is clicked on

2019-03-12 21:50:14 - [TEST_STEP][PASSED] - setText(findTestObject("Object Repository/WebApp/Page_Create issue - Jira/input_Required_summary"), issue_sum): Text 'This is my issue' is set on object 'Object Repository/WebApp/Page_Create issue - Jira/input_Required_summary'

2019-03-12 21:50:15 - [MESSAGE][PASSED] - Text 'This is my issue' is set on object 'Object Repository/WebApp/Page_Create issue - Jira/input_Required_summary'

2019-03-12 21:50:15 - [TEST_STEP][PASSED] - setText(findTestObject("Object Repository/WebApp/Page_Create issue - Jira/textarea_Lock  Unlock_description"), issue_desc): Text 'It needs to be fixed asap' is set on object 'Object Repository/WebApp/Page_Create issue - Jira/textarea_Lock  Unlock_description'

2019-03-12 21:50:16 - [MESSAGE][PASSED] - Text 'It needs to be fixed asap' is set on object 'Object Repository/WebApp/Page_Create issue - Jira/textarea_Lock  Unlock_description'

2019-03-12 21:50:16 - [TEST_STEP][PASSED] - click(findTestObject("Object Repository/WebApp/Page_Create issue - Jira/input_Create another_Edit")): Object: 'Object Repository/WebApp/Page_Create issue - Jira/input_Create another_Edit' is clicked on

2019-03-12 21:50:16 - [MESSAGE][PASSED] - Object: 'Object Repository/WebApp/Page_Create issue - Jira/input_Create another_Edit' is clicked on

2019-03-12 21:50:16 - [TEST_STEP][PASSED] - click(findTestObject("Object Repository/WebApp/Page_System dashboard - Jira/a_PAR-5 - This is my issue")): Object: 'Object Repository/WebApp/Page_System dashboard - Jira/a_PAR-5 - This is my issue' is clicked on

2019-03-12 21:50:27 - [MESSAGE][PASSED] - Object: 'Object Repository/WebApp/Page_System dashboard - Jira/a_PAR-5 - This is my issue' is clicked on

2019-03-12 21:50:27 - [TEST_STEP][PASSED] - verifyElementText(findTestObject("Object Repository/WebApp/Page_PAR-5 This is my issue - Jira/h1_This is my issue"), issue_sum): Actual text and expected text of test object 'Object Repository/WebApp/Page_PAR-5 This is my issue - Jira/h1_This is my issue' are matched.

2019-03-12 21:50:27 - [MESSAGE][PASSED] - Actual text and expected text of test object 'Object Repository/WebApp/Page_PAR-5 This is my issue - Jira/h1_This is my issue' are matched.

2019-03-12 21:50:27 - [TEST_STEP][PASSED] - verifyElementText(findTestObject("Object Repository/WebApp/Page_PAR-5 This is my issue - Jira/p_It needs to be fixed asap"), issue_desc): Actual text and expected text of test object 'Object Repository/WebApp/Page_PAR-5 This is my issue - Jira/p_It needs to be fixed asap' are matched.

2019-03-12 21:50:27 - [MESSAGE][PASSED] - Actual text and expected text of test object 'Object Repository/WebApp/Page_PAR-5 This is my issue - Jira/p_It needs to be fixed asap' are matched.

2019-03-12 21:50:27 - [TEST_STEP][PASSED] - closeBrowser(): Browser is closed

2019-03-12 21:50:28 - [MESSAGE][PASSED] - Browser is closed

2019-03-12 21:50:28 - [MESSAGE][PASSED] - Call Test Case 'Test Cases/WebApp/Create a new issue after login' successfully]]></system-out>
         <system-err><![CDATA[]]></system-err>
      </testcase>
      <system-out><![CDATA[2019-03-12 21:45:40 - [TEST_SUITE][PASSED] - WebApp: Test Cases/WebApp/PAR-2]]></system-out>
      <system-err><![CDATA[]]></system-err>
   </testsuite>
</testsuites>
