<?xml version='1.1' encoding='UTF-8'?>
<result plugin="junit@1.27">
  <suites>
    <suite>
      <file>/var/jenkins_home/workspace/Teste_Automatizado/Hemovida/Reports/JUnit_Report.xml</file>
      <name>Hemovida</name>
      <stdout>2019-02-18 16:41:52 - [TEST_SUITE][PASSED] - Hemovida: Test Cases/Login</stdout>
      <stderr></stderr>
      <duration>60.0</duration>
      <timestamp>2019-02-18 16:41:52</timestamp>
      <id>Test Suites/Hemovida</id>
      <time>60</time>
      <enclosingBlocks/>
      <enclosingBlockNames/>
      <cases>
        <case>
          <duration>0.0</duration>
          <className>Test Cases/Login</className>
          <testName>Test Cases/Login</testName>
          <skipped>false</skipped>
          <stdout>2019-02-18 16:41:52 - [TEST_CASE][PASSED] - Test Cases/Login: Test Cases/Login

2019-02-18 16:41:52 - [TEST_STEP][PASSED] - openBrowser(&quot;&quot;): Browser is opened with url: &apos;&apos;

2019-02-18 16:41:53 - [MESSAGE][INFO] - Starting &apos;Chrome&apos; driver

2019-02-18 16:41:53 - [MESSAGE][INFO] - Action delay is set to 0 seconds

2019-02-18 16:42:25 - [MESSAGE][PASSED] - Browser is opened with url: &apos;&apos;

2019-02-18 16:42:25 - [TEST_STEP][PASSED] - navigateToUrl(&quot;http://10.10.20.107/&quot;): Navigate to &apos;http://10.10.20.1
...[truncated 2011 chars]...
-02-18 16:42:45 - [TEST_STEP][PASSED] - click(findTestObject(&quot;Object Repository/Page_Hemovida/input__btnSalvar&quot;)): Object: &apos;Object Repository/Page_Hemovida/input__btnSalvar&apos; is clicked on

2019-02-18 16:42:51 - [MESSAGE][PASSED] - Object: &apos;Object Repository/Page_Hemovida/input__btnSalvar&apos; is clicked on

2019-02-18 16:42:51 - [TEST_STEP][PASSED] - verifyTextPresent(&quot;HEMOVIDA&quot;, false): Text &apos;HEMOVIDA&apos; is present on page 

2019-02-18 16:42:51 - [MESSAGE][PASSED] - Text &apos;HEMOVIDA&apos; is present on page</stdout>
          <stderr></stderr>
          <failedSince>0</failedSince>
        </case>
      </cases>
    </suite>
  </suites>
  <duration>60.0</duration>
  <keepLongStdio>false</keepLongStdio>
</result>