<?xml version='1.1' encoding='UTF-8'?>
<result plugin="junit@1.27">
  <suites>
    <suite>
      <file>/var/jenkins_home/workspace/Teste_Automatizado/Hemovida/Reports/JUnit_Report.xml</file>
      <name>Hemovida</name>
      <stdout>2019-02-14 20:07:34 - [TEST_SUITE][PASSED] - Hemovida: Test Cases/Login</stdout>
      <stderr></stderr>
      <duration>29.0</duration>
      <timestamp>2019-02-14 20:07:34</timestamp>
      <id>Test Suites/Hemovida</id>
      <time>29</time>
      <enclosingBlocks/>
      <enclosingBlockNames/>
      <cases>
        <case>
          <duration>0.0</duration>
          <className>Test Cases/Login</className>
          <testName>Test Cases/Login</testName>
          <skipped>false</skipped>
          <stdout>2019-02-14 20:07:34 - [TEST_CASE][PASSED] - Test Cases/Login: Test Cases/Login

2019-02-14 20:07:35 - [TEST_STEP][PASSED] - openBrowser(&quot;&quot;): Browser is opened with url: &apos;&apos;

2019-02-14 20:07:35 - [MESSAGE][INFO] - Starting &apos;Chrome&apos; driver

2019-02-14 20:07:35 - [MESSAGE][INFO] - Action delay is set to 0 seconds

2019-02-14 20:07:37 - [MESSAGE][PASSED] - Browser is opened with url: &apos;&apos;

2019-02-14 20:07:37 - [TEST_STEP][PASSED] - navigateToUrl(&quot;http://10.10.20.107/&quot;): Navigate to &apos;http://10.10.20.1
...[truncated 2109 chars]...
t__btnSalvar&quot;)): Object: &apos;Object Repository/Page_Hemovida/input__btnSalvar&apos; is clicked on

2019-02-14 20:08:03 - [MESSAGE][PASSED] - Object: &apos;Object Repository/Page_Hemovida/input__btnSalvar&apos; is clicked on

2019-02-14 20:08:03 - [TEST_STEP][PASSED] - waitForPageLoad(0, STOP_ON_FAILURE): Wait for page load successfully

2019-02-14 20:08:03 - [MESSAGE][WARNING] - Timeout &apos;0&apos; is invalid. Using default page load timeout: &apos;30&apos;

2019-02-14 20:08:03 - [MESSAGE][PASSED] - Wait for page load successfully</stdout>
          <stderr></stderr>
          <failedSince>0</failedSince>
        </case>
      </cases>
    </suite>
  </suites>
  <duration>29.0</duration>
  <keepLongStdio>false</keepLongStdio>
</result>