<?xml version="1.0" encoding="UTF-8"?>
<testsuites name="WebApp - datadriven" time="63" tests="2" failures="0" errors="0">
   <testsuite name="WebApp - datadriven" tests="2" failures="0" errors="0" time="63" timestamp="2019-03-12 20:44:07" hostname="trongbui - fvfwf0d6hv2h.net.fpt" id="Test Suites/WebApp - datadriven">
      <properties>
         <property name="deviceName" value=""/>
         <property name="devicePlatform" value=""/>
         <property name="logFolder" value="/Users/trongbui/katalon/sources/katalon-studio-samples/demo-project/Reports/WebApp - datadriven/20190312_204405"/>
         <property name="logFiles" value="/Users/trongbui/katalon/sources/katalon-studio-samples/demo-project/Reports/WebApp - datadriven/20190312_204405/execution0.log"/>
         <property name="attachments" value=""/>
         <property name="hostName" value="trongbui - fvfwf0d6hv2h.net.fpt"/>
         <property name="os" value="Mac OS X 64bit"/>
         <property name="katalonVersion" value="6.0.6.4"/>
         <property name="browser" value="Chrome 72.0.3626.121"/>
         <property name="hostAddress" value="192.168.1.158"/>
         <property name="sessionId" value="688a18f8f1d78528b1f387607d2ac4bc"/>
         <property name="seleniumVersion" value="3.7.1"/>
         <property name="proxyInformation" value="ProxyInformation{proxyOption=NO_PROXY, proxyServerType=HTTP, password=, proxyServerAddress=, proxyServerPort=0}"/>
         <property name="platform" value="Mac OS X"/>
      </properties>
      <testcase name="Test Cases/WebApp/Create a new issue - parameterize - datadriven" classname="Test Cases/WebApp/Create a new issue - parameterize - datadriven" status="PASSED">
         <system-out><![CDATA[2019-03-12 20:44:07 - [TEST_CASE][PASSED] - Test Cases/WebApp/Create a new issue - parameterize - datadriven: Test Cases/WebApp/Create a new issue - parameterize - datadriven

2019-03-12 20:44:07 - [TEST_STEP][PASSED] - openBrowser(""): Browser is opened with url: ''

2019-03-12 20:44:08 - [MESSAGE][INFO] - Starting 'Chrome' driver

2019-03-12 20:44:08 - [MESSAGE][INFO] - Action delay is set to 0 seconds

2019-03-12 20:44:09 - [MESSAGE][PASSED] - Browser is opened with url: ''

2019-03-12 20:44:09 - [TEST_STEP][PASSED] - navigateToUrl("https://id.atlassian.com/login?continue=https%3A%2F%2Fkatalon.atlassian.net%2Flogin%3FredirectCount%3D1"): Navigate to 'https://id.atlassian.com/login?continue=https%3A%2F%2Fkatalon.atlassian.net%2Flogin%3FredirectCount%3D1' successfully

2019-03-12 20:44:13 - [MESSAGE][PASSED] - Navigate to 'https://id.atlassian.com/login?continue=https%3A%2F%2Fkatalon.atlassian.net%2Flogin%3FredirectCount%3D1' successfully

2019-03-12 20:44:13 - [TEST_STEP][PASSED] - setText(findTestObject("Object Repository/WebApp/Page_Log in to continue - Log in with Atlassian account/input_Email_username"), username): Text 'demo@katalon.com' is set on object 'Object Repository/WebApp/Page_Log in to continue - Log in with Atlassian account/input_Email_username'

2019-03-12 20:44:13 - [MESSAGE][PASSED] - Text 'demo@katalon.com' is set on object 'Object Repository/WebApp/Page_Log in to continue - Log in with Atlassian account/input_Email_username'

2019-03-12 20:44:13 - [TEST_STEP][PASSED] - click(findTestObject("Object Repository/WebApp/Page_Log in to continue - Log in with Atlassian account/span_Continue")): Object: 'Object Repository/WebApp/Page_Log in to continue - Log in with Atlassian account/span_Continue' is clicked on

2019-03-12 20:44:13 - [MESSAGE][PASSED] - Object: 'Object Repository/WebApp/Page_Log in to continue - Log in with Atlassian account/span_Continue' is clicked on

2019-03-12 20:44:13 - [TEST_STEP][PASSED] - setText(findTestObject("Object Repository/WebApp/Page_Log in to continue - Log in with Atlassian account/input_Email_username"), username): Text 'demo@katalon.com' is set on object 'Object Repository/WebApp/Page_Log in to continue - Log in with Atlassian account/input_Email_username'

2019-03-12 20:44:16 - [MESSAGE][PASSED] - Text 'demo@katalon.com' is set on object 'Object Repository/WebApp/Page_Log in to continue - Log in with Atlassian account/input_Email_username'

2019-03-12 20:44:16 - [TEST_STEP][PASSED] - click(findTestObject("Object Repository/WebApp/Page_Sign in to your account/input_Sign in_idSIButton9")): Object: 'Object Repository/WebApp/Page_Sign in to your account/input_Sign in_idSIButton9' is clicked on

2019-03-12 20:44:16 - [MESSAGE][PASSED] - Object: 'Object Repository/WebApp/Page_Sign in to your account/input_Sign in_idSIButton9' is clicked on

2019-03-12 20:44:16 - [TEST_STEP][PASSED] - setEncryptedText(findTestObject("Object Repository/WebApp/Page_Sign in to your account/input_Enter password_passwd"), encrypted_password): Text ****** has been set on object 'Object Repository/WebApp/Page_Sign in to your account/input_Enter password_passwd'

2019-03-12 20:44:16 - [MESSAGE][PASSED] - Text ****** has been set on object 'Object Repository/WebApp/Page_Sign in to your account/input_Enter password_passwd'

2019-03-12 20:44:16 - [TEST_STEP][PASSED] - click(findTestObject("Object Repository/WebApp/Page_Sign in to your account/input_Forgot my password_idSIButton9")): Object: 'Object Repository/WebApp/Page_Sign in to your account/input_Forgot my password_idSIButton9' is clicked on

2019-03-12 20:44:17 - [MESSAGE][PASSED] - Object: 'Object Repository/WebApp/Page_Sign in to your account/input_Forgot my password_idSIButton9' is clicked on

2019-03-12 20:44:17 - [TEST_STEP][PASSED] - click(findTestObject("Object Repository/WebApp/Page_Sign in to your account/input_concat(Don  t show this again)_idSIButton9")): Object: 'Object Repository/WebApp/Page_Sign in to your account/input_concat(Don  t show this again)_idSIButton9' is clicked on

2019-03-12 20:44:21 - [MESSAGE][PASSED] - Object: 'Object Repository/WebApp/Page_Sign in to your account/input_concat(Don  t show this again)_idSIButton9' is clicked on

2019-03-12 20:44:21 - [TEST_STEP][PASSED] - scrollToElement(findTestObject("Object Repository/WebApp/Page_System dashboard - Jira/h1_System dashboard"), 0): Scroll to object 'Object Repository/WebApp/Page_System dashboard - Jira/h1_System dashboard' successfully

2019-03-12 20:44:21 - [MESSAGE][WARNING] - Timeout '0' is invalid. Using default page load timeout: '30'

2019-03-12 20:44:29 - [MESSAGE][PASSED] - Scroll to object 'Object Repository/WebApp/Page_System dashboard - Jira/h1_System dashboard' successfully

2019-03-12 20:44:29 - [TEST_STEP][PASSED] - verifyElementText(findTestObject("Object Repository/WebApp/Page_System dashboard - Jira/h1_System dashboard"), homepage_title): Actual text and expected text of test object 'Object Repository/WebApp/Page_System dashboard - Jira/h1_System dashboard' are matched.

2019-03-12 20:44:29 - [MESSAGE][PASSED] - Actual text and expected text of test object 'Object Repository/WebApp/Page_System dashboard - Jira/h1_System dashboard' are matched.

2019-03-12 20:44:29 - [TEST_STEP][PASSED] - click(findTestObject("Object Repository/WebApp/Page_System dashboard - Jira/button_Dashboards_createGlobalItem")): Object: 'Object Repository/WebApp/Page_System dashboard - Jira/button_Dashboards_createGlobalItem' is clicked on

2019-03-12 20:44:30 - [MESSAGE][PASSED] - Object: 'Object Repository/WebApp/Page_System dashboard - Jira/button_Dashboards_createGlobalItem' is clicked on

2019-03-12 20:44:30 - [TEST_STEP][PASSED] - setText(findTestObject("Object Repository/WebApp/Page_Create issue - Jira/input_Required_summary"), issue_sum): Text 'Issue: Cannot login' is set on object 'Object Repository/WebApp/Page_Create issue - Jira/input_Required_summary'

2019-03-12 20:44:32 - [MESSAGE][PASSED] - Text 'Issue: Cannot login' is set on object 'Object Repository/WebApp/Page_Create issue - Jira/input_Required_summary'

2019-03-12 20:44:32 - [TEST_STEP][PASSED] - setText(findTestObject("Object Repository/WebApp/Page_Create issue - Jira/textarea_Lock  Unlock_description"), issue_desc): Text 'Cannot login with a valid account' is set on object 'Object Repository/WebApp/Page_Create issue - Jira/textarea_Lock  Unlock_description'

2019-03-12 20:44:32 - [MESSAGE][PASSED] - Text 'Cannot login with a valid account' is set on object 'Object Repository/WebApp/Page_Create issue - Jira/textarea_Lock  Unlock_description'

2019-03-12 20:44:32 - [TEST_STEP][PASSED] - click(findTestObject("Object Repository/WebApp/Page_Create issue - Jira/input_Create another_Edit")): Object: 'Object Repository/WebApp/Page_Create issue - Jira/input_Create another_Edit' is clicked on

2019-03-12 20:44:32 - [MESSAGE][PASSED] - Object: 'Object Repository/WebApp/Page_Create issue - Jira/input_Create another_Edit' is clicked on

2019-03-12 20:44:32 - [TEST_STEP][PASSED] - click(findTestObject("Object Repository/WebApp/Page_System dashboard - Jira/a_PAR-5 - This is my issue")): Object: 'Object Repository/WebApp/Page_System dashboard - Jira/a_PAR-5 - This is my issue' is clicked on

2019-03-12 20:44:39 - [MESSAGE][PASSED] - Object: 'Object Repository/WebApp/Page_System dashboard - Jira/a_PAR-5 - This is my issue' is clicked on

2019-03-12 20:44:39 - [TEST_STEP][PASSED] - verifyElementText(findTestObject("Object Repository/WebApp/Page_PAR-5 This is my issue - Jira/h1_This is my issue"), issue_sum): Actual text and expected text of test object 'Object Repository/WebApp/Page_PAR-5 This is my issue - Jira/h1_This is my issue' are matched.

2019-03-12 20:44:39 - [MESSAGE][PASSED] - Actual text and expected text of test object 'Object Repository/WebApp/Page_PAR-5 This is my issue - Jira/h1_This is my issue' are matched.

2019-03-12 20:44:39 - [TEST_STEP][PASSED] - verifyElementText(findTestObject("Object Repository/WebApp/Page_PAR-5 This is my issue - Jira/p_It needs to be fixed asap"), issue_desc): Actual text and expected text of test object 'Object Repository/WebApp/Page_PAR-5 This is my issue - Jira/p_It needs to be fixed asap' are matched.

2019-03-12 20:44:39 - [MESSAGE][PASSED] - Actual text and expected text of test object 'Object Repository/WebApp/Page_PAR-5 This is my issue - Jira/p_It needs to be fixed asap' are matched.

2019-03-12 20:44:39 - [TEST_STEP][PASSED] - closeBrowser(): Browser is closed

2019-03-12 20:44:39 - [MESSAGE][PASSED] - Browser is closed]]></system-out>
         <system-err><![CDATA[]]></system-err>
      </testcase>
      <testcase name="Test Cases/WebApp/Create a new issue - parameterize - datadriven" classname="Test Cases/WebApp/Create a new issue - parameterize - datadriven" status="PASSED">
         <system-out><![CDATA[2019-03-12 20:44:39 - [TEST_CASE][PASSED] - Test Cases/WebApp/Create a new issue - parameterize - datadriven: Test Cases/WebApp/Create a new issue - parameterize - datadriven

2019-03-12 20:44:39 - [TEST_STEP][PASSED] - openBrowser(""): Browser is opened with url: ''

2019-03-12 20:44:39 - [MESSAGE][INFO] - Starting 'Chrome' driver

2019-03-12 20:44:40 - [MESSAGE][PASSED] - Browser is opened with url: ''

2019-03-12 20:44:40 - [TEST_STEP][PASSED] - navigateToUrl("https://id.atlassian.com/login?continue=https%3A%2F%2Fkatalon.atlassian.net%2Flogin%3FredirectCount%3D1"): Navigate to 'https://id.atlassian.com/login?continue=https%3A%2F%2Fkatalon.atlassian.net%2Flogin%3FredirectCount%3D1' successfully

2019-03-12 20:44:45 - [MESSAGE][PASSED] - Navigate to 'https://id.atlassian.com/login?continue=https%3A%2F%2Fkatalon.atlassian.net%2Flogin%3FredirectCount%3D1' successfully

2019-03-12 20:44:45 - [TEST_STEP][PASSED] - setText(findTestObject("Object Repository/WebApp/Page_Log in to continue - Log in with Atlassian account/input_Email_username"), username): Text 'demo@katalon.com' is set on object 'Object Repository/WebApp/Page_Log in to continue - Log in with Atlassian account/input_Email_username'

2019-03-12 20:44:45 - [MESSAGE][PASSED] - Text 'demo@katalon.com' is set on object 'Object Repository/WebApp/Page_Log in to continue - Log in with Atlassian account/input_Email_username'

2019-03-12 20:44:45 - [TEST_STEP][PASSED] - click(findTestObject("Object Repository/WebApp/Page_Log in to continue - Log in with Atlassian account/span_Continue")): Object: 'Object Repository/WebApp/Page_Log in to continue - Log in with Atlassian account/span_Continue' is clicked on

2019-03-12 20:44:45 - [MESSAGE][PASSED] - Object: 'Object Repository/WebApp/Page_Log in to continue - Log in with Atlassian account/span_Continue' is clicked on

2019-03-12 20:44:45 - [TEST_STEP][PASSED] - setText(findTestObject("Object Repository/WebApp/Page_Log in to continue - Log in with Atlassian account/input_Email_username"), username): Text 'demo@katalon.com' is set on object 'Object Repository/WebApp/Page_Log in to continue - Log in with Atlassian account/input_Email_username'

2019-03-12 20:44:47 - [MESSAGE][PASSED] - Text 'demo@katalon.com' is set on object 'Object Repository/WebApp/Page_Log in to continue - Log in with Atlassian account/input_Email_username'

2019-03-12 20:44:47 - [TEST_STEP][PASSED] - click(findTestObject("Object Repository/WebApp/Page_Sign in to your account/input_Sign in_idSIButton9")): Object: 'Object Repository/WebApp/Page_Sign in to your account/input_Sign in_idSIButton9' is clicked on

2019-03-12 20:44:47 - [MESSAGE][PASSED] - Object: 'Object Repository/WebApp/Page_Sign in to your account/input_Sign in_idSIButton9' is clicked on

2019-03-12 20:44:47 - [TEST_STEP][PASSED] - setEncryptedText(findTestObject("Object Repository/WebApp/Page_Sign in to your account/input_Enter password_passwd"), encrypted_password): Text ****** has been set on object 'Object Repository/WebApp/Page_Sign in to your account/input_Enter password_passwd'

2019-03-12 20:44:48 - [MESSAGE][PASSED] - Text ****** has been set on object 'Object Repository/WebApp/Page_Sign in to your account/input_Enter password_passwd'

2019-03-12 20:44:48 - [TEST_STEP][PASSED] - click(findTestObject("Object Repository/WebApp/Page_Sign in to your account/input_Forgot my password_idSIButton9")): Object: 'Object Repository/WebApp/Page_Sign in to your account/input_Forgot my password_idSIButton9' is clicked on

2019-03-12 20:44:49 - [MESSAGE][PASSED] - Object: 'Object Repository/WebApp/Page_Sign in to your account/input_Forgot my password_idSIButton9' is clicked on

2019-03-12 20:44:49 - [TEST_STEP][PASSED] - click(findTestObject("Object Repository/WebApp/Page_Sign in to your account/input_concat(Don  t show this again)_idSIButton9")): Object: 'Object Repository/WebApp/Page_Sign in to your account/input_concat(Don  t show this again)_idSIButton9' is clicked on

2019-03-12 20:44:52 - [MESSAGE][PASSED] - Object: 'Object Repository/WebApp/Page_Sign in to your account/input_concat(Don  t show this again)_idSIButton9' is clicked on

2019-03-12 20:44:52 - [TEST_STEP][PASSED] - scrollToElement(findTestObject("Object Repository/WebApp/Page_System dashboard - Jira/h1_System dashboard"), 0): Scroll to object 'Object Repository/WebApp/Page_System dashboard - Jira/h1_System dashboard' successfully

2019-03-12 20:44:52 - [MESSAGE][WARNING] - Timeout '0' is invalid. Using default page load timeout: '30'

2019-03-12 20:45:00 - [MESSAGE][PASSED] - Scroll to object 'Object Repository/WebApp/Page_System dashboard - Jira/h1_System dashboard' successfully

2019-03-12 20:45:00 - [TEST_STEP][PASSED] - verifyElementText(findTestObject("Object Repository/WebApp/Page_System dashboard - Jira/h1_System dashboard"), homepage_title): Actual text and expected text of test object 'Object Repository/WebApp/Page_System dashboard - Jira/h1_System dashboard' are matched.

2019-03-12 20:45:00 - [MESSAGE][PASSED] - Actual text and expected text of test object 'Object Repository/WebApp/Page_System dashboard - Jira/h1_System dashboard' are matched.

2019-03-12 20:45:00 - [TEST_STEP][PASSED] - click(findTestObject("Object Repository/WebApp/Page_System dashboard - Jira/button_Dashboards_createGlobalItem")): Object: 'Object Repository/WebApp/Page_System dashboard - Jira/button_Dashboards_createGlobalItem' is clicked on

2019-03-12 20:45:00 - [MESSAGE][PASSED] - Object: 'Object Repository/WebApp/Page_System dashboard - Jira/button_Dashboards_createGlobalItem' is clicked on

2019-03-12 20:45:00 - [TEST_STEP][PASSED] - setText(findTestObject("Object Repository/WebApp/Page_Create issue - Jira/input_Required_summary"), issue_sum): Text 'Issue: Cannot create ticket' is set on object 'Object Repository/WebApp/Page_Create issue - Jira/input_Required_summary'

2019-03-12 20:45:03 - [MESSAGE][PASSED] - Text 'Issue: Cannot create ticket' is set on object 'Object Repository/WebApp/Page_Create issue - Jira/input_Required_summary'

2019-03-12 20:45:03 - [TEST_STEP][PASSED] - setText(findTestObject("Object Repository/WebApp/Page_Create issue - Jira/textarea_Lock  Unlock_description"), issue_desc): Text 'Cannot created ticket without assigned user' is set on object 'Object Repository/WebApp/Page_Create issue - Jira/textarea_Lock  Unlock_description'

2019-03-12 20:45:04 - [MESSAGE][PASSED] - Text 'Cannot created ticket without assigned user' is set on object 'Object Repository/WebApp/Page_Create issue - Jira/textarea_Lock  Unlock_description'

2019-03-12 20:45:04 - [TEST_STEP][PASSED] - click(findTestObject("Object Repository/WebApp/Page_Create issue - Jira/input_Create another_Edit")): Object: 'Object Repository/WebApp/Page_Create issue - Jira/input_Create another_Edit' is clicked on

2019-03-12 20:45:04 - [MESSAGE][PASSED] - Object: 'Object Repository/WebApp/Page_Create issue - Jira/input_Create another_Edit' is clicked on

2019-03-12 20:45:04 - [TEST_STEP][PASSED] - click(findTestObject("Object Repository/WebApp/Page_System dashboard - Jira/a_PAR-5 - This is my issue")): Object: 'Object Repository/WebApp/Page_System dashboard - Jira/a_PAR-5 - This is my issue' is clicked on

2019-03-12 20:45:10 - [MESSAGE][PASSED] - Object: 'Object Repository/WebApp/Page_System dashboard - Jira/a_PAR-5 - This is my issue' is clicked on

2019-03-12 20:45:10 - [TEST_STEP][PASSED] - verifyElementText(findTestObject("Object Repository/WebApp/Page_PAR-5 This is my issue - Jira/h1_This is my issue"), issue_sum): Actual text and expected text of test object 'Object Repository/WebApp/Page_PAR-5 This is my issue - Jira/h1_This is my issue' are matched.

2019-03-12 20:45:10 - [MESSAGE][PASSED] - Actual text and expected text of test object 'Object Repository/WebApp/Page_PAR-5 This is my issue - Jira/h1_This is my issue' are matched.

2019-03-12 20:45:10 - [TEST_STEP][PASSED] - verifyElementText(findTestObject("Object Repository/WebApp/Page_PAR-5 This is my issue - Jira/p_It needs to be fixed asap"), issue_desc): Actual text and expected text of test object 'Object Repository/WebApp/Page_PAR-5 This is my issue - Jira/p_It needs to be fixed asap' are matched.

2019-03-12 20:45:10 - [MESSAGE][PASSED] - Actual text and expected text of test object 'Object Repository/WebApp/Page_PAR-5 This is my issue - Jira/p_It needs to be fixed asap' are matched.

2019-03-12 20:45:10 - [TEST_STEP][PASSED] - closeBrowser(): Browser is closed

2019-03-12 20:45:10 - [MESSAGE][PASSED] - Browser is closed]]></system-out>
         <system-err><![CDATA[]]></system-err>
      </testcase>
      <system-out><![CDATA[2019-03-12 20:44:07 - [TEST_SUITE][PASSED] - WebApp - datadriven: Test Cases/WebApp/Create a new issue - parameterize - datadriven]]></system-out>
      <system-err><![CDATA[]]></system-err>
   </testsuite>
</testsuites>
