<?xml version="1.0" encoding="UTF-8"?>
<testsuites name="WebApp - datadriven" time="64" tests="2" failures="0" errors="0">
   <testsuite name="WebApp - datadriven" tests="2" failures="0" errors="0" time="64" timestamp="2019-03-13 14:25:08" hostname="trongbui - 6rwx502.kms.com.vn" id="Test Suites/WebApp - datadriven">
      <properties>
         <property name="deviceName" value=""/>
         <property name="devicePlatform" value=""/>
         <property name="logFolder" value="/Users/trongbui/katalon/sources/katalon-studio-samples/demo-project/Reports/WebApp - datadriven/20190313_142505"/>
         <property name="logFiles" value="/Users/trongbui/katalon/sources/katalon-studio-samples/demo-project/Reports/WebApp - datadriven/20190313_142505/execution0.log"/>
         <property name="attachments" value=""/>
         <property name="hostName" value="trongbui - 6rwx502.kms.com.vn"/>
         <property name="os" value="Mac OS X 64bit"/>
         <property name="katalonVersion" value="6.0.6.4"/>
         <property name="browser" value="Chrome 72.0.3626.121"/>
         <property name="hostAddress" value="192.168.37.47"/>
         <property name="sessionId" value="babb293c3a767f5a420987b87ff65741"/>
         <property name="seleniumVersion" value="3.7.1"/>
         <property name="proxyInformation" value="ProxyInformation{proxyOption=NO_PROXY, proxyServerType=HTTP, password=, proxyServerAddress=, proxyServerPort=0}"/>
         <property name="platform" value="Mac OS X"/>
      </properties>
      <testcase name="Test Cases/WebApp/Create a new issue - parameterize - datadriven" classname="Test Cases/WebApp/Create a new issue - parameterize - datadriven" status="PASSED">
         <system-out><![CDATA[2019-03-13 14:25:08 - [TEST_CASE][PASSED] - Test Cases/WebApp/Create a new issue - parameterize - datadriven: Test Cases/WebApp/Create a new issue - parameterize - datadriven

2019-03-13 14:25:08 - [TEST_STEP][PASSED] - openBrowser(""): Browser is opened with url: ''

2019-03-13 14:25:09 - [MESSAGE][INFO] - Starting 'Chrome' driver

2019-03-13 14:25:09 - [MESSAGE][INFO] - Action delay is set to 0 seconds

2019-03-13 14:25:11 - [MESSAGE][PASSED] - Browser is opened with url: ''

2019-03-13 14:25:11 - [TEST_STEP][PASSED] - navigateToUrl("https://id.atlassian.com/login?continue=https%3A%2F%2Fkatalon.atlassian.net%2Flogin%3FredirectCount%3D1"): Navigate to 'https://id.atlassian.com/login?continue=https%3A%2F%2Fkatalon.atlassian.net%2Flogin%3FredirectCount%3D1' successfully

2019-03-13 14:25:15 - [MESSAGE][PASSED] - Navigate to 'https://id.atlassian.com/login?continue=https%3A%2F%2Fkatalon.atlassian.net%2Flogin%3FredirectCount%3D1' successfully

2019-03-13 14:25:15 - [TEST_STEP][PASSED] - setText(findTestObject("Object Repository/WebApp/Page_Log in to continue - Log in with Atlassian account/input_Email_username"), username): Text 'demo@katalon.com' is set on object 'Object Repository/WebApp/Page_Log in to continue - Log in with Atlassian account/input_Email_username'

2019-03-13 14:25:16 - [MESSAGE][PASSED] - Text 'demo@katalon.com' is set on object 'Object Repository/WebApp/Page_Log in to continue - Log in with Atlassian account/input_Email_username'

2019-03-13 14:25:16 - [TEST_STEP][PASSED] - click(findTestObject("Object Repository/WebApp/Page_Log in to continue - Log in with Atlassian account/span_Continue")): Object: 'Object Repository/WebApp/Page_Log in to continue - Log in with Atlassian account/span_Continue' is clicked on

2019-03-13 14:25:16 - [MESSAGE][PASSED] - Object: 'Object Repository/WebApp/Page_Log in to continue - Log in with Atlassian account/span_Continue' is clicked on

2019-03-13 14:25:16 - [TEST_STEP][PASSED] - setText(findTestObject("Object Repository/WebApp/Page_Log in to continue - Log in with Atlassian account/input_Email_username"), username): Text 'demo@katalon.com' is set on object 'Object Repository/WebApp/Page_Log in to continue - Log in with Atlassian account/input_Email_username'

2019-03-13 14:25:18 - [MESSAGE][PASSED] - Text 'demo@katalon.com' is set on object 'Object Repository/WebApp/Page_Log in to continue - Log in with Atlassian account/input_Email_username'

2019-03-13 14:25:18 - [TEST_STEP][PASSED] - click(findTestObject("Object Repository/WebApp/Page_Sign in to your account/input_Sign in_idSIButton9")): Object: 'Object Repository/WebApp/Page_Sign in to your account/input_Sign in_idSIButton9' is clicked on

2019-03-13 14:25:19 - [MESSAGE][PASSED] - Object: 'Object Repository/WebApp/Page_Sign in to your account/input_Sign in_idSIButton9' is clicked on

2019-03-13 14:25:19 - [TEST_STEP][PASSED] - setEncryptedText(findTestObject("Object Repository/WebApp/Page_Sign in to your account/input_Enter password_passwd"), encrypted_password): Text ****** has been set on object 'Object Repository/WebApp/Page_Sign in to your account/input_Enter password_passwd'

2019-03-13 14:25:19 - [MESSAGE][PASSED] - Text ****** has been set on object 'Object Repository/WebApp/Page_Sign in to your account/input_Enter password_passwd'

2019-03-13 14:25:19 - [TEST_STEP][PASSED] - click(findTestObject("Object Repository/WebApp/Page_Sign in to your account/input_Forgot my password_idSIButton9")): Object: 'Object Repository/WebApp/Page_Sign in to your account/input_Forgot my password_idSIButton9' is clicked on

2019-03-13 14:25:20 - [MESSAGE][PASSED] - Object: 'Object Repository/WebApp/Page_Sign in to your account/input_Forgot my password_idSIButton9' is clicked on

2019-03-13 14:25:20 - [TEST_STEP][PASSED] - click(findTestObject("Object Repository/WebApp/Page_Sign in to your account/input_concat(Don  t show this again)_idSIButton9")): Object: 'Object Repository/WebApp/Page_Sign in to your account/input_concat(Don  t show this again)_idSIButton9' is clicked on

2019-03-13 14:25:24 - [MESSAGE][PASSED] - Object: 'Object Repository/WebApp/Page_Sign in to your account/input_concat(Don  t show this again)_idSIButton9' is clicked on

2019-03-13 14:25:24 - [TEST_STEP][PASSED] - scrollToElement(findTestObject("Object Repository/WebApp/Page_System dashboard - Jira/h1_System dashboard"), 0): Scroll to object 'Object Repository/WebApp/Page_System dashboard - Jira/h1_System dashboard' successfully

2019-03-13 14:25:24 - [MESSAGE][WARNING] - Timeout '0' is invalid. Using default page load timeout: '30'

2019-03-13 14:25:32 - [MESSAGE][PASSED] - Scroll to object 'Object Repository/WebApp/Page_System dashboard - Jira/h1_System dashboard' successfully

2019-03-13 14:25:32 - [TEST_STEP][PASSED] - verifyElementText(findTestObject("Object Repository/WebApp/Page_System dashboard - Jira/h1_System dashboard"), homepage_title): Actual text and expected text of test object 'Object Repository/WebApp/Page_System dashboard - Jira/h1_System dashboard' are matched.

2019-03-13 14:25:32 - [MESSAGE][PASSED] - Actual text and expected text of test object 'Object Repository/WebApp/Page_System dashboard - Jira/h1_System dashboard' are matched.

2019-03-13 14:25:32 - [TEST_STEP][PASSED] - click(findTestObject("Object Repository/WebApp/Page_System dashboard - Jira/button_Dashboards_createGlobalItem")): Object: 'Object Repository/WebApp/Page_System dashboard - Jira/button_Dashboards_createGlobalItem' is clicked on

2019-03-13 14:25:32 - [MESSAGE][PASSED] - Object: 'Object Repository/WebApp/Page_System dashboard - Jira/button_Dashboards_createGlobalItem' is clicked on

2019-03-13 14:25:32 - [TEST_STEP][PASSED] - setText(findTestObject("Object Repository/WebApp/Page_Create issue - Jira/input_Required_summary"), issue_sum): Text 'Issue: Cannot login' is set on object 'Object Repository/WebApp/Page_Create issue - Jira/input_Required_summary'

2019-03-13 14:25:34 - [MESSAGE][PASSED] - Text 'Issue: Cannot login' is set on object 'Object Repository/WebApp/Page_Create issue - Jira/input_Required_summary'

2019-03-13 14:25:34 - [TEST_STEP][PASSED] - setText(findTestObject("Object Repository/WebApp/Page_Create issue - Jira/textarea_Lock  Unlock_description"), issue_desc): Text 'Cannot login with a valid account' is set on object 'Object Repository/WebApp/Page_Create issue - Jira/textarea_Lock  Unlock_description'

2019-03-13 14:25:35 - [MESSAGE][PASSED] - Text 'Cannot login with a valid account' is set on object 'Object Repository/WebApp/Page_Create issue - Jira/textarea_Lock  Unlock_description'

2019-03-13 14:25:35 - [TEST_STEP][PASSED] - click(findTestObject("Object Repository/WebApp/Page_Create issue - Jira/input_Create another_Edit")): Object: 'Object Repository/WebApp/Page_Create issue - Jira/input_Create another_Edit' is clicked on

2019-03-13 14:25:35 - [MESSAGE][PASSED] - Object: 'Object Repository/WebApp/Page_Create issue - Jira/input_Create another_Edit' is clicked on

2019-03-13 14:25:35 - [TEST_STEP][PASSED] - click(findTestObject("Object Repository/WebApp/Page_System dashboard - Jira/a_PAR-5 - This is my issue")): Object: 'Object Repository/WebApp/Page_System dashboard - Jira/a_PAR-5 - This is my issue' is clicked on

2019-03-13 14:25:41 - [MESSAGE][PASSED] - Object: 'Object Repository/WebApp/Page_System dashboard - Jira/a_PAR-5 - This is my issue' is clicked on

2019-03-13 14:25:41 - [TEST_STEP][PASSED] - verifyElementText(findTestObject("Object Repository/WebApp/Page_PAR-5 This is my issue - Jira/h1_This is my issue"), issue_sum): Actual text and expected text of test object 'Object Repository/WebApp/Page_PAR-5 This is my issue - Jira/h1_This is my issue' are matched.

2019-03-13 14:25:42 - [MESSAGE][PASSED] - Actual text and expected text of test object 'Object Repository/WebApp/Page_PAR-5 This is my issue - Jira/h1_This is my issue' are matched.

2019-03-13 14:25:42 - [TEST_STEP][PASSED] - verifyElementText(findTestObject("Object Repository/WebApp/Page_PAR-5 This is my issue - Jira/p_It needs to be fixed asap - params", ["issue_desc":issue_desc]), issue_desc): Actual text and expected text of test object 'Object Repository/WebApp/Page_PAR-5 This is my issue - Jira/p_It needs to be fixed asap - params' are matched.

2019-03-13 14:25:42 - [MESSAGE][PASSED] - Actual text and expected text of test object 'Object Repository/WebApp/Page_PAR-5 This is my issue - Jira/p_It needs to be fixed asap - params' are matched.

2019-03-13 14:25:42 - [TEST_STEP][PASSED] - closeBrowser(): Browser is closed

2019-03-13 14:25:42 - [MESSAGE][PASSED] - Browser is closed]]></system-out>
         <system-err><![CDATA[]]></system-err>
      </testcase>
      <testcase name="Test Cases/WebApp/Create a new issue - parameterize - datadriven" classname="Test Cases/WebApp/Create a new issue - parameterize - datadriven" status="PASSED">
         <system-out><![CDATA[2019-03-13 14:25:42 - [TEST_CASE][PASSED] - Test Cases/WebApp/Create a new issue - parameterize - datadriven: Test Cases/WebApp/Create a new issue - parameterize - datadriven

2019-03-13 14:25:42 - [TEST_STEP][PASSED] - openBrowser(""): Browser is opened with url: ''

2019-03-13 14:25:42 - [MESSAGE][INFO] - Starting 'Chrome' driver

2019-03-13 14:25:43 - [MESSAGE][PASSED] - Browser is opened with url: ''

2019-03-13 14:25:43 - [TEST_STEP][PASSED] - navigateToUrl("https://id.atlassian.com/login?continue=https%3A%2F%2Fkatalon.atlassian.net%2Flogin%3FredirectCount%3D1"): Navigate to 'https://id.atlassian.com/login?continue=https%3A%2F%2Fkatalon.atlassian.net%2Flogin%3FredirectCount%3D1' successfully

2019-03-13 14:25:46 - [MESSAGE][PASSED] - Navigate to 'https://id.atlassian.com/login?continue=https%3A%2F%2Fkatalon.atlassian.net%2Flogin%3FredirectCount%3D1' successfully

2019-03-13 14:25:46 - [TEST_STEP][PASSED] - setText(findTestObject("Object Repository/WebApp/Page_Log in to continue - Log in with Atlassian account/input_Email_username"), username): Text 'demo@katalon.com' is set on object 'Object Repository/WebApp/Page_Log in to continue - Log in with Atlassian account/input_Email_username'

2019-03-13 14:25:46 - [MESSAGE][PASSED] - Text 'demo@katalon.com' is set on object 'Object Repository/WebApp/Page_Log in to continue - Log in with Atlassian account/input_Email_username'

2019-03-13 14:25:46 - [TEST_STEP][PASSED] - click(findTestObject("Object Repository/WebApp/Page_Log in to continue - Log in with Atlassian account/span_Continue")): Object: 'Object Repository/WebApp/Page_Log in to continue - Log in with Atlassian account/span_Continue' is clicked on

2019-03-13 14:25:46 - [MESSAGE][PASSED] - Object: 'Object Repository/WebApp/Page_Log in to continue - Log in with Atlassian account/span_Continue' is clicked on

2019-03-13 14:25:46 - [TEST_STEP][PASSED] - setText(findTestObject("Object Repository/WebApp/Page_Log in to continue - Log in with Atlassian account/input_Email_username"), username): Text 'demo@katalon.com' is set on object 'Object Repository/WebApp/Page_Log in to continue - Log in with Atlassian account/input_Email_username'

2019-03-13 14:25:49 - [MESSAGE][PASSED] - Text 'demo@katalon.com' is set on object 'Object Repository/WebApp/Page_Log in to continue - Log in with Atlassian account/input_Email_username'

2019-03-13 14:25:49 - [TEST_STEP][PASSED] - click(findTestObject("Object Repository/WebApp/Page_Sign in to your account/input_Sign in_idSIButton9")): Object: 'Object Repository/WebApp/Page_Sign in to your account/input_Sign in_idSIButton9' is clicked on

2019-03-13 14:25:50 - [MESSAGE][PASSED] - Object: 'Object Repository/WebApp/Page_Sign in to your account/input_Sign in_idSIButton9' is clicked on

2019-03-13 14:25:50 - [TEST_STEP][PASSED] - setEncryptedText(findTestObject("Object Repository/WebApp/Page_Sign in to your account/input_Enter password_passwd"), encrypted_password): Text ****** has been set on object 'Object Repository/WebApp/Page_Sign in to your account/input_Enter password_passwd'

2019-03-13 14:25:50 - [MESSAGE][PASSED] - Text ****** has been set on object 'Object Repository/WebApp/Page_Sign in to your account/input_Enter password_passwd'

2019-03-13 14:25:50 - [TEST_STEP][PASSED] - click(findTestObject("Object Repository/WebApp/Page_Sign in to your account/input_Forgot my password_idSIButton9")): Object: 'Object Repository/WebApp/Page_Sign in to your account/input_Forgot my password_idSIButton9' is clicked on

2019-03-13 14:25:51 - [MESSAGE][PASSED] - Object: 'Object Repository/WebApp/Page_Sign in to your account/input_Forgot my password_idSIButton9' is clicked on

2019-03-13 14:25:51 - [TEST_STEP][PASSED] - click(findTestObject("Object Repository/WebApp/Page_Sign in to your account/input_concat(Don  t show this again)_idSIButton9")): Object: 'Object Repository/WebApp/Page_Sign in to your account/input_concat(Don  t show this again)_idSIButton9' is clicked on

2019-03-13 14:25:55 - [MESSAGE][PASSED] - Object: 'Object Repository/WebApp/Page_Sign in to your account/input_concat(Don  t show this again)_idSIButton9' is clicked on

2019-03-13 14:25:55 - [TEST_STEP][PASSED] - scrollToElement(findTestObject("Object Repository/WebApp/Page_System dashboard - Jira/h1_System dashboard"), 0): Scroll to object 'Object Repository/WebApp/Page_System dashboard - Jira/h1_System dashboard' successfully

2019-03-13 14:25:55 - [MESSAGE][WARNING] - Timeout '0' is invalid. Using default page load timeout: '30'

2019-03-13 14:26:03 - [MESSAGE][PASSED] - Scroll to object 'Object Repository/WebApp/Page_System dashboard - Jira/h1_System dashboard' successfully

2019-03-13 14:26:03 - [TEST_STEP][PASSED] - verifyElementText(findTestObject("Object Repository/WebApp/Page_System dashboard - Jira/h1_System dashboard"), homepage_title): Actual text and expected text of test object 'Object Repository/WebApp/Page_System dashboard - Jira/h1_System dashboard' are matched.

2019-03-13 14:26:03 - [MESSAGE][PASSED] - Actual text and expected text of test object 'Object Repository/WebApp/Page_System dashboard - Jira/h1_System dashboard' are matched.

2019-03-13 14:26:03 - [TEST_STEP][PASSED] - click(findTestObject("Object Repository/WebApp/Page_System dashboard - Jira/button_Dashboards_createGlobalItem")): Object: 'Object Repository/WebApp/Page_System dashboard - Jira/button_Dashboards_createGlobalItem' is clicked on

2019-03-13 14:26:03 - [MESSAGE][PASSED] - Object: 'Object Repository/WebApp/Page_System dashboard - Jira/button_Dashboards_createGlobalItem' is clicked on

2019-03-13 14:26:03 - [TEST_STEP][PASSED] - setText(findTestObject("Object Repository/WebApp/Page_Create issue - Jira/input_Required_summary"), issue_sum): Text 'Issue: Cannot create ticket' is set on object 'Object Repository/WebApp/Page_Create issue - Jira/input_Required_summary'

2019-03-13 14:26:05 - [MESSAGE][PASSED] - Text 'Issue: Cannot create ticket' is set on object 'Object Repository/WebApp/Page_Create issue - Jira/input_Required_summary'

2019-03-13 14:26:05 - [TEST_STEP][PASSED] - setText(findTestObject("Object Repository/WebApp/Page_Create issue - Jira/textarea_Lock  Unlock_description"), issue_desc): Text 'Cannot created ticket without assigned user' is set on object 'Object Repository/WebApp/Page_Create issue - Jira/textarea_Lock  Unlock_description'

2019-03-13 14:26:06 - [MESSAGE][PASSED] - Text 'Cannot created ticket without assigned user' is set on object 'Object Repository/WebApp/Page_Create issue - Jira/textarea_Lock  Unlock_description'

2019-03-13 14:26:06 - [TEST_STEP][PASSED] - click(findTestObject("Object Repository/WebApp/Page_Create issue - Jira/input_Create another_Edit")): Object: 'Object Repository/WebApp/Page_Create issue - Jira/input_Create another_Edit' is clicked on

2019-03-13 14:26:06 - [MESSAGE][PASSED] - Object: 'Object Repository/WebApp/Page_Create issue - Jira/input_Create another_Edit' is clicked on

2019-03-13 14:26:06 - [TEST_STEP][PASSED] - click(findTestObject("Object Repository/WebApp/Page_System dashboard - Jira/a_PAR-5 - This is my issue")): Object: 'Object Repository/WebApp/Page_System dashboard - Jira/a_PAR-5 - This is my issue' is clicked on

2019-03-13 14:26:12 - [MESSAGE][PASSED] - Object: 'Object Repository/WebApp/Page_System dashboard - Jira/a_PAR-5 - This is my issue' is clicked on

2019-03-13 14:26:12 - [TEST_STEP][PASSED] - verifyElementText(findTestObject("Object Repository/WebApp/Page_PAR-5 This is my issue - Jira/h1_This is my issue"), issue_sum): Actual text and expected text of test object 'Object Repository/WebApp/Page_PAR-5 This is my issue - Jira/h1_This is my issue' are matched.

2019-03-13 14:26:12 - [MESSAGE][PASSED] - Actual text and expected text of test object 'Object Repository/WebApp/Page_PAR-5 This is my issue - Jira/h1_This is my issue' are matched.

2019-03-13 14:26:12 - [TEST_STEP][PASSED] - verifyElementText(findTestObject("Object Repository/WebApp/Page_PAR-5 This is my issue - Jira/p_It needs to be fixed asap - params", ["issue_desc":issue_desc]), issue_desc): Actual text and expected text of test object 'Object Repository/WebApp/Page_PAR-5 This is my issue - Jira/p_It needs to be fixed asap - params' are matched.

2019-03-13 14:26:12 - [MESSAGE][PASSED] - Actual text and expected text of test object 'Object Repository/WebApp/Page_PAR-5 This is my issue - Jira/p_It needs to be fixed asap - params' are matched.

2019-03-13 14:26:12 - [TEST_STEP][PASSED] - closeBrowser(): Browser is closed

2019-03-13 14:26:12 - [MESSAGE][PASSED] - Browser is closed]]></system-out>
         <system-err><![CDATA[]]></system-err>
      </testcase>
      <system-out><![CDATA[2019-03-13 14:25:08 - [TEST_SUITE][PASSED] - WebApp - datadriven: Test Cases/WebApp/Create a new issue - parameterize - datadriven]]></system-out>
      <system-err><![CDATA[]]></system-err>
   </testsuite>
</testsuites>
